Traceback (most recent call last):
  File "train_deg.py", line 6, in <module>
    import numpy as np
ImportError: No module named numpy
/work/sheidaei/conda/envs/mytorch/lib/python3.9/site-packages/torch/functional.py:504: UserWarning: torch.meshgrid: in an upcoming release, it will be required to pass the indexing argument. (Triggered internally at /opt/conda/conda-bld/pytorch_1666643016022/work/aten/src/ATen/native/TensorShape.cpp:3190.)
  return _VF.meshgrid(tensors, **kwargs)  # type: ignore[attr-defined]
Namespace(root_path='/work/sheidaei/mhashemi/data/deg', dataset='Degradation', list_dir='./lists/lists_Degradation', num_classes=2, max_iterations=2880, max_epochs=1, batch_size=24, n_gpu=4, deterministic=1, base_lr=0.01, img_size=[160, 160, 160], seed=1234, n_skip=4, vit_name='Conv-ViT-B_16', vit_patches_size=8, is_pretrain=True, exp='TU_Degradation[160, 160, 160]')
The length of train set is: 2880
30 iterations per epoch. 30 max iterations 
  0%|                                           | 0/1 [00:00<?, ?it/s]  0%|                                           | 0/1 [05:14<?, ?it/s]
Traceback (most recent call last):
  File "/home/mhashemi/TransUNet/train_deg.py", line 103, in <module>
    trainer[dataset_name](args, net, snapshot_path)
  File "/home/mhashemi/TransUNet/trainer.py", line 140, in trainer_deg
    outputs = model(image_batch, time_batch)
  File "/work/sheidaei/conda/envs/mytorch/lib/python3.9/site-packages/torch/nn/modules/module.py", line 1190, in _call_impl
    return forward_call(*input, **kwargs)
  File "/work/sheidaei/conda/envs/mytorch/lib/python3.9/site-packages/torch/nn/parallel/data_parallel.py", line 157, in forward
    raise RuntimeError("module must have its parameters and buffers "
RuntimeError: module must have its parameters and buffers on device cuda:0 (device_ids[0]) but found one of them on device: cpu
/work/sheidaei/conda/envs/mytorch/lib/python3.9/site-packages/torch/functional.py:504: UserWarning: torch.meshgrid: in an upcoming release, it will be required to pass the indexing argument. (Triggered internally at /opt/conda/conda-bld/pytorch_1666643016022/work/aten/src/ATen/native/TensorShape.cpp:3190.)
  return _VF.meshgrid(tensors, **kwargs)  # type: ignore[attr-defined]
Namespace(root_path='/work/sheidaei/mhashemi/data/deg', dataset='Degradation', list_dir='./lists/lists_Degradation', num_classes=2, max_iterations=2880, max_epochs=1, batch_size=24, n_gpu=4, deterministic=1, base_lr=0.01, img_size=[160, 160, 160], seed=1234, n_skip=4, vit_name='Conv-ViT-B_16', vit_patches_size=8, is_pretrain=True, exp='TU_Degradation[160, 160, 160]')
The length of train set is: 2880
30 iterations per epoch. 30 max iterations 
  0%|                                           | 0/1 [00:00<?, ?it/s]  0%|                                           | 0/1 [05:07<?, ?it/s]
Traceback (most recent call last):
  File "/home/mhashemi/TransUNet/train_deg.py", line 103, in <module>
    trainer[dataset_name](args, net, snapshot_path)
  File "/home/mhashemi/TransUNet/trainer.py", line 140, in trainer_deg
    outputs = model(image_batch, time_batch)
  File "/work/sheidaei/conda/envs/mytorch/lib/python3.9/site-packages/torch/nn/modules/module.py", line 1190, in _call_impl
    return forward_call(*input, **kwargs)
  File "/work/sheidaei/conda/envs/mytorch/lib/python3.9/site-packages/torch/nn/parallel/data_parallel.py", line 157, in forward
    raise RuntimeError("module must have its parameters and buffers "
RuntimeError: module must have its parameters and buffers on device cuda:0 (device_ids[0]) but found one of them on device: cpu
/work/sheidaei/conda/envs/mytorch/lib/python3.9/site-packages/torch/functional.py:504: UserWarning: torch.meshgrid: in an upcoming release, it will be required to pass the indexing argument. (Triggered internally at /opt/conda/conda-bld/pytorch_1666643016022/work/aten/src/ATen/native/TensorShape.cpp:3190.)
  return _VF.meshgrid(tensors, **kwargs)  # type: ignore[attr-defined]
Namespace(root_path='/work/sheidaei/mhashemi/data/deg', dataset='Degradation', list_dir='./lists/lists_Degradation', num_classes=2, max_iterations=2880, max_epochs=1, batch_size=24, n_gpu=4, deterministic=1, base_lr=0.01, img_size=[160, 160, 160], seed=1234, n_skip=4, vit_name='Conv-ViT-B_16', vit_patches_size=8, is_pretrain=True, exp='TU_Degradation[160, 160, 160]')
The length of train set is: 2880
30 iterations per epoch. 30 max iterations 
  0%|                                           | 0/1 [00:00<?, ?it/s]  0%|                                           | 0/1 [05:03<?, ?it/s]
Traceback (most recent call last):
  File "/home/mhashemi/TransUNet/train_deg.py", line 103, in <module>
    trainer[dataset_name](args, net, snapshot_path)
  File "/home/mhashemi/TransUNet/trainer.py", line 140, in trainer_deg
    outputs = model(image_batch, time_batch)
  File "/work/sheidaei/conda/envs/mytorch/lib/python3.9/site-packages/torch/nn/modules/module.py", line 1190, in _call_impl
    return forward_call(*input, **kwargs)
  File "/work/sheidaei/conda/envs/mytorch/lib/python3.9/site-packages/torch/nn/parallel/data_parallel.py", line 157, in forward
    raise RuntimeError("module must have its parameters and buffers "
RuntimeError: module must have its parameters and buffers on device cuda:0 (device_ids[0]) but found one of them on device: cpu
/work/sheidaei/conda/envs/mytorch/lib/python3.9/site-packages/torch/functional.py:504: UserWarning: torch.meshgrid: in an upcoming release, it will be required to pass the indexing argument. (Triggered internally at /opt/conda/conda-bld/pytorch_1666643016022/work/aten/src/ATen/native/TensorShape.cpp:3190.)
  return _VF.meshgrid(tensors, **kwargs)  # type: ignore[attr-defined]
Namespace(root_path='/work/sheidaei/mhashemi/data/deg', dataset='Degradation', list_dir='./lists/lists_Degradation', num_classes=2, max_iterations=2880, max_epochs=1, batch_size=24, n_gpu=4, deterministic=1, base_lr=0.01, img_size=[160, 160, 160], seed=1234, n_skip=4, vit_name='Conv-ViT-B_16', vit_patches_size=8, is_pretrain=True, exp='TU_Degradation[160, 160, 160]')
The length of train set is: 2880
30 iterations per epoch. 30 max iterations 
  0%|                                           | 0/1 [00:00<?, ?it/s]