/work/sheidaei/conda/envs/mytorch/lib/python3.9/site-packages/torch/functional.py:504: UserWarning: torch.meshgrid: in an upcoming release, it will be required to pass the indexing argument. (Triggered internally at /opt/conda/conda-bld/pytorch_1682343997789/work/aten/src/ATen/native/TensorShape.cpp:3483.)
  return _VF.meshgrid(tensors, **kwargs)  # type: ignore[attr-defined]
Namespace(dataset='Design2', img_size=[64, 64, 64], vit_patches_size=[1, 1, 1], net_path='../model/TVG_Design[64, 64, 64]/TVG_Conv-ViT-Gen2-B_16_vitpatch[1, 1, 1]_epo200_bs60_lr0.001_seed1234/epoch_39.pth', vit_name='Conv-ViT-Gen2-B_16', pretrained_net_path=False, is_encoder_pretrained=False, deterministic=1, max_epochs=200, batch_size=60, base_lr=0.001, seed=1234, is_savenii=False, test_save_dir='../predictions', gpu=4, batch_size_test=60, world_size=-1, rank=-1, dist_url='env://', dist_backend='nccl', local_rank=-1, index=None, number_of_samplings=6, num_classes=2, volume_path='/work/sheidaei/mhashemi/data/mat', Dataset=<class 'datasets.dataset_3D.Design_dataset'>, list_dir='./lists/lists_Design', z_spacing=1, exp='TVG_Design[64, 64, 64]', label_size=2, distributed=False)
TVG_Conv-ViT-Gen2-B_16_vitpatch[1, 1, 1]_epo200_bs60_lr0.001_seed1234
4 test iterations per epoch
0it [00:00, ?it/s]name  281012 0.225000 surrogate_model_error     0.955251 generative_error     0.954152 reconstruction_loss     0.557955 C33     3.154261 C33_predicted    17.991577 C33_error   470.389679 e33    -0.230894 e33_predicted    -1.802606 e33_error   680.707214
name  280763 0.251000 surrogate_model_error     0.931998 generative_error     0.930419 reconstruction_loss     0.581882 C33     3.448074 C33_predicted    17.991577 C33_error   421.786255 e33    -0.239522 e33_predicted    -1.802606 e33_error   652.585876
name  280599 0.335000 surrogate_model_error     0.917229 generative_error     0.913996 reconstruction_loss     0.642397 C33     3.740904 C33_predicted    17.991577 C33_error   380.941986 e33    -0.236943 e33_predicted    -1.802606 e33_error   660.776123
name _280161 0.376000 surrogate_model_error     0.713889 generative_error     0.641160 reconstruction_loss     0.685543 C33     6.547121 C33_predicted    17.991587 C33_error   174.801498 e33    -0.444408 e33_predicted    -1.802607 e33_error   305.619843
name  216088 0.407000 surrogate_model_error     0.858405 generative_error     0.850719 reconstruction_loss     0.684202 C33     4.542149 C33_predicted    17.991587 C33_error   296.102997 e33    -0.263049 e33_predicted    -1.802607 e33_error   585.272888
name  280950 0.498000 surrogate_model_error     0.573836 generative_error     0.554296 reconstruction_loss     0.694463 C33     7.684112 C33_predicted    17.991587 C33_error   134.140106 e33    -0.509965 e33_predicted    -1.802607 e33_error   253.476440
name  280050 0.503000 surrogate_model_error     0.715928 generative_error     0.696692 reconstruction_loss     0.694302 C33     6.357461 C33_predicted    17.991587 C33_error   182.999573 e33    -0.360250 e33_predicted    -1.802607 e33_error   400.376312
name  121369 0.587000 surrogate_model_error     0.565647 generative_error     5.819092 reconstruction_loss     0.688553 C33     8.024179 C33_predicted    48.901176 C33_error   509.422852 e33    -0.535120 e33_predicted    -3.924500 e33_error   633.386292
name  168857 0.647000 surrogate_model_error     0.160886 generative_error     3.614426 reconstruction_loss     0.637232 C33    15.083426 C33_predicted    48.901176 C33_error   224.204697 e33    -1.478494 e33_predicted    -3.924500 e33_error   165.439026
name _143525 0.691000 surrogate_model_error     0.239592 generative_error     4.415812 reconstruction_loss     0.640211 C33    12.474976 C33_predicted    48.901176 C33_error   291.994171 e33    -1.082683 e33_predicted    -3.924500 e33_error   262.479309
name  038521 0.708000 surrogate_model_error     0.985270 generative_error     0.414473 reconstruction_loss     0.616973 C33    34.978626 C33_predicted    48.901176 C33_error    39.803020 e33    -3.978575 e33_predicted    -3.924500 e33_error    -1.359137
name  125278 0.792000 surrogate_model_error     0.065973 generative_error     1.589423 reconstruction_loss     0.527204 C33    23.512758 C33_predicted    48.901176 C33_error   107.977203 e33    -2.881748 e33_predicted    -3.924500 e33_error    36.184711
name _164390 0.819000 surrogate_model_error     0.091572 generative_error     1.236189 reconstruction_loss     0.499214 C33    26.162275 C33_predicted    48.901176 C33_error    86.914848 e33    -3.103394 e33_predicted    -3.924500 e33_error    26.458355
name  132160 0.870000 surrogate_model_error     7.587547 generative_error     4.759693 reconstruction_loss     0.380628 C33    80.638672 C33_predicted    48.901176 C33_error   -39.357662 e33    -7.573245 e33_predicted    -3.924500 e33_error   -48.179405
name  280086 0.226000 surrogate_model_error     0.957124 generative_error     0.955866 reconstruction_loss     0.558253 C33     3.169907 C33_predicted    17.991577 C33_error   467.574341 e33    -0.226508 e33_predicted    -1.802606 e33_error   695.822632
name  280784 0.279000 surrogate_model_error     0.939520 generative_error     0.936304 reconstruction_loss     0.602066 C33     3.417831 C33_predicted    17.991577 C33_error   426.403290 e33    -0.232999 e33_predicted    -1.802606 e33_error   673.655212
name  280610 0.338000 surrogate_model_error     0.892781 generative_error     0.888518 reconstruction_loss     0.645237 C33     4.041338 C33_predicted    17.991577 C33_error   345.188629 e33    -0.249028 e33_predicted    -1.802606 e33_error   623.857788
name  280181 0.355000 surrogate_model_error     0.844785 generative_error     0.840493 reconstruction_loss     0.661305 C33     4.412790 C33_predicted    17.991577 C33_error   307.714294 e33    -0.292653 e33_predicted    -1.802606 e33_error   515.952881
name  219192 0.400000 surrogate_model_error     0.795005 generative_error     0.772684 reconstruction_loss     0.684058 C33     5.034107 C33_predicted    17.991587 C33_error   257.393799 e33    -0.348792 e33_predicted    -1.802607 e33_error   416.814148
name  280992 0.464000 surrogate_model_error     0.764158 generative_error     0.754045 reconstruction_loss     0.689835 C33     5.730747 C33_predicted    17.991587 C33_error   213.948364 e33    -0.316036 e33_predicted    -1.802607 e33_error   470.380249
name  280076 0.533000 surrogate_model_error     0.575323 generative_error     0.551722 reconstruction_loss     0.698877 C33     7.301182 C33_predicted    17.991587 C33_error   146.420197 e33    -0.549543 e33_predicted    -1.802607 e33_error   228.019302
name _164463 0.555000 surrogate_model_error     0.430563 generative_error     5.251033 reconstruction_loss     0.699188 C33     9.998069 C33_predicted    48.901176 C33_error   389.106201 e33    -0.714359 e33_predicted    -3.924500 e33_error   449.373840
name _171426 0.612000 surrogate_model_error     0.665249 generative_error     5.990599 reconstruction_loss     0.685294 C33     8.280527 C33_predicted    48.901176 C33_error   490.556366 e33    -0.376154 e33_predicted    -3.924500 e33_error   943.321594
name _128790 0.690000 surrogate_model_error     0.309345 generative_error     4.695043 reconstruction_loss     0.641731 C33    11.777362 C33_predicted    48.901176 C33_error   315.213318 e33    -0.934221 e33_predicted    -3.924500 e33_error   320.082550
name _039692 0.702000 surrogate_model_error     0.596067 generative_error     0.635117 reconstruction_loss     0.615192 C33    31.673637 C33_predicted    48.901176 C33_error    54.390781 e33    -3.840362 e33_predicted    -3.924500 e33_error     2.190897
name _174992 0.798000 surrogate_model_error     0.068987 generative_error     1.565250 reconstruction_loss     0.524922 C33    23.648359 C33_predicted    48.901176 C33_error   106.784645 e33    -2.905284 e33_predicted    -3.924500 e33_error    35.081455
name  118151 0.841000 surrogate_model_error     1.949494 generative_error     0.617048 reconstruction_loss     0.418006 C33    49.840672 C33_predicted    48.901176 C33_error    -1.884997 e33    -5.696288 e33_predicted    -3.924500 e33_error   -31.104242
name _047610 0.860000 surrogate_model_error     7.270977 generative_error     5.337142 reconstruction_loss     0.388275 C33    83.836281 C33_predicted    48.901176 C33_error   -41.670628 e33    -7.657733 e33_predicted    -3.924500 e33_error   -48.751148
name  280263 0.202000 surrogate_model_error     0.970061 generative_error     0.969082 reconstruction_loss     0.537785 C33     2.979830 C33_predicted    17.991577 C33_error   503.778656 e33    -0.224717 e33_predicted    -1.802606 e33_error   702.166626
name  280822 0.270000 surrogate_model_error     0.933276 generative_error     0.929720 reconstruction_loss     0.589019 C33     3.448788 C33_predicted    17.991577 C33_error   421.678314 e33    -0.240591 e33_predicted    -1.802606 e33_error   649.240295
name _280614 0.317000 surrogate_model_error     0.837522 generative_error     0.808886 reconstruction_loss     0.647804 C33     4.491764 C33_predicted    17.991577 C33_error   300.545898 e33    -0.339060 e33_predicted    -1.802606 e33_error   431.648682
name  280190 0.390000 surrogate_model_error     0.815356 generative_error     0.808592 reconstruction_loss     0.681511 C33     4.815062 C33_predicted    17.991587 C33_error   273.652252 e33    -0.307802 e33_predicted    -1.802607 e33_error   485.638092
name  220399 0.428000 surrogate_model_error     0.779005 generative_error     0.764895 reconstruction_loss     0.684937 C33     5.295507 C33_predicted    17.991587 C33_error   239.751892 e33    -0.337377 e33_predicted    -1.802607 e33_error   434.301086
name  281042 0.462000 surrogate_model_error     0.709446 generative_error     0.686362 reconstruction_loss     0.691341 C33     6.249584 C33_predicted    17.991587 C33_error   187.884537 e33    -0.388323 e33_predicted    -1.802607 e33_error   364.202881
name  202023 0.527000 surrogate_model_error     0.451060 generative_error     0.412199 reconstruction_loss     0.699435 C33     8.546455 C33_predicted    17.991587 C33_error   110.515190 e33    -0.738935 e33_predicted    -1.802607 e33_error   143.946671
name _131312 0.580000 surrogate_model_error     0.710292 generative_error     6.259819 reconstruction_loss     0.700419 C33     6.865217 C33_predicted    48.901176 C33_error   612.303406 e33    -0.362214 e33_predicted    -3.924500 e33_error   983.474670
name  135831 0.643000 surrogate_model_error     0.014155 generative_error     2.465192 reconstruction_loss     0.637815 C33    19.941387 C33_predicted    48.901176 C33_error   145.224548 e33    -2.069386 e33_predicted    -3.924500 e33_error    89.645691
name  152913 0.696000 surrogate_model_error     0.200737 generative_error     0.928639 reconstruction_loss     0.609815 C33    29.636311 C33_predicted    48.901176 C33_error    65.004265 e33    -3.090943 e33_predicted    -3.924500 e33_error    26.967745
name _044927 0.736000 surrogate_model_error     0.672444 generative_error     0.593703 reconstruction_loss     0.596968 C33    32.247570 C33_predicted    48.901176 C33_error    51.642979 e33    -4.011863 e33_predicted    -3.924500 e33_error    -2.177611
name _150512 0.797000 surrogate_model_error     0.097047 generative_error     1.609306 reconstruction_loss     0.532135 C33    23.020168 C33_predicted    48.901176 C33_error   112.427536 e33    -2.968673 e33_predicted    -3.924500 e33_error    32.197140
name  122554 0.837000 surrogate_model_error     1.488973 generative_error     0.375730 reconstruction_loss     0.415171 C33    47.866844 C33_predicted    48.901176 C33_error     2.160853 e33    -5.304980 e33_predicted    -3.924500 e33_error   -26.022329
name _066216 0.893000 surrogate_model_error    11.241268 generative_error     9.716474 reconstruction_loss     0.322966 C33    99.565033 C33_predicted    48.901176 C33_error   -50.885193 e33    -8.573624 e33_predicted    -3.924500 e33_error   -54.225883
name  280369 0.214000 surrogate_model_error     0.965505 generative_error     0.964246 reconstruction_loss     0.551128 C33     3.042286 C33_predicted    17.991577 C33_error   491.383484 e33    -0.226076 e33_predicted    -1.802606 e33_error   697.344604
name  280914 0.254000 surrogate_model_error     0.934088 generative_error     0.931301 reconstruction_loss     0.580921 C33     3.388796 C33_predicted    17.991577 C33_error   430.913544 e33    -0.244111 e33_predicted    -1.802606 e33_error   638.437134
name  280657 0.337000 surrogate_model_error     0.899045 generative_error     0.888799 reconstruction_loss     0.648727 C33     4.011190 C33_predicted    17.991577 C33_error   348.534607 e33    -0.251520 e33_predicted    -1.802606 e33_error   616.683777
name _280240 0.381000 surrogate_model_error     0.762362 generative_error     0.751300 reconstruction_loss     0.682201 C33     5.232678 C33_predicted    17.991587 C33_error   243.831314 e33    -0.367305 e33_predicted    -1.802607 e33_error   390.766266
name  280051 0.409000 surrogate_model_error     0.747690 generative_error     0.739151 reconstruction_loss     0.684690 C33     5.401325 C33_predicted    17.991587 C33_error   233.095779 e33    -0.372684 e33_predicted    -1.802607 e33_error   383.682983
name  281045 0.452000 surrogate_model_error     0.801182 generative_error     0.781726 reconstruction_loss     0.686355 C33     5.184393 C33_predicted    17.991587 C33_error   247.033615 e33    -0.318722 e33_predicted    -1.802607 e33_error   465.572510
name  205047 0.508000 surrogate_model_error     0.608586 generative_error     0.467000 reconstruction_loss     0.698787 C33     8.226490 C33_predicted    17.991587 C33_error   118.703072 e33    -0.643265 e33_predicted    -1.802607 e33_error   180.227615
name _169599 0.590000 surrogate_model_error     0.149651 generative_error     4.098824 reconstruction_loss     0.676008 C33    13.326593 C33_predicted    48.901176 C33_error   266.944336 e33    -1.254957 e33_predicted    -3.924500 e33_error   212.719818
name  123537 0.643000 surrogate_model_error     0.420205 generative_error     5.040187 reconstruction_loss     0.652972 C33    11.047235 C33_predicted    48.901176 C33_error   342.655365 e33    -0.745420 e33_predicted    -3.924500 e33_error   426.482117
name _128910 0.681000 surrogate_model_error     0.282605 generative_error     4.612441 reconstruction_loss     0.644842 C33    11.833905 C33_predicted    48.901176 C33_error   313.229431 e33    -0.997735 e33_predicted    -3.924500 e33_error   293.341064
name  045830 0.709000 surrogate_model_error     0.694390 generative_error     0.522891 reconstruction_loss     0.613526 C33    33.253723 C33_predicted    48.901176 C33_error    47.054741 e33    -3.904353 e33_predicted    -3.924500 e33_error     0.516034
name  130077 0.759000 surrogate_model_error     0.044407 generative_error     1.775500 reconstruction_loss     0.547962 C33    22.509113 C33_predicted    48.901176 C33_error   117.250565 e33    -2.711813 e33_predicted    -3.924500 e33_error    44.718700
name _130356 0.816000 surrogate_model_error     1.912764 generative_error     0.413095 reconstruction_loss     0.486007 C33    46.006050 C33_predicted    48.901176 C33_error     6.292925 e33    -5.344615 e33_predicted    -3.924500 e33_error   -26.570934
name  129204 0.874000 surrogate_model_error     7.639703 generative_error     4.912856 reconstruction_loss     0.406021 C33    81.347702 C33_predicted    48.901176 C33_error   -39.886223 e33    -7.612189 e33_predicted    -3.924500 e33_error   -48.444519
name  280457 0.237000 surrogate_model_error     0.951691 generative_error     0.950029 reconstruction_loss     0.569889 C33     3.225554 C33_predicted    17.991577 C33_error   457.782654 e33    -0.230272 e33_predicted    -1.802606 e33_error   682.815735
name  280959 0.255000 surrogate_model_error     0.943365 generative_error     0.942162 reconstruction_loss     0.584705 C33     3.318720 C33_predicted    17.991577 C33_error   442.124023 e33    -0.233537 e33_predicted    -1.802606 e33_error   671.870178
name  280936 0.316000 surrogate_model_error     0.902179 generative_error     0.898353 reconstruction_loss     0.628653 C33     3.849552 C33_predicted    17.991577 C33_error   367.368073 e33    -0.251770 e33_predicted    -1.802606 e33_error   615.972534
name  280243 0.369000 surrogate_model_error     0.878575 generative_error     0.873931 reconstruction_loss     0.669852 C33     4.204285 C33_predicted    17.991577 C33_error   327.934326 e33    -0.257155 e33_predicted    -1.802606 e33_error   600.980103
1it [00:22, 22.15s/it]name _280152 0.435000 surrogate_model_error     0.733084 generative_error     0.722709 reconstruction_loss     0.685578 C33     5.556080 C33_predicted    17.991587 C33_error   223.817993 e33    -0.387341 e33_predicted    -1.802607 e33_error   365.380371
name  202753 0.481000 surrogate_model_error     0.471187 generative_error     0.454738 reconstruction_loss     0.693050 C33     8.023255 C33_predicted    17.991587 C33_error   124.242973 e33    -0.690042 e33_predicted    -1.802607 e33_error   161.231369
name  208271 0.520000 surrogate_model_error     0.582604 generative_error     0.559235 reconstruction_loss     0.697722 C33     7.432461 C33_predicted    17.991585 C33_error   142.067673 e33    -0.522409 e33_predicted    -1.802607 e33_error   245.056534
name _143118 0.568000 surrogate_model_error     0.426422 generative_error     5.435464 reconstruction_loss     0.697003 C33     8.249187 C33_predicted    48.901176 C33_error   492.799988 e33    -0.805188 e33_predicted    -3.924500 e33_error   387.401794
name  117696 0.623000 surrogate_model_error     0.307444 generative_error     4.729339 reconstruction_loss     0.662711 C33    10.924813 C33_predicted    48.901176 C33_error   347.615692 e33    -1.022930 e33_predicted    -3.924500 e33_error   283.653015
name _145529 0.691000 surrogate_model_error     0.055145 generative_error     3.273621 reconstruction_loss     0.633810 C33    15.377378 C33_predicted    48.901176 C33_error   218.007263 e33    -1.812750 e33_predicted    -3.924500 e33_error   116.494347
name _046697 0.740000 surrogate_model_error     1.281974 generative_error     0.228894 reconstruction_loss     0.586117 C33    40.399826 C33_predicted    48.901176 C33_error    21.043036 e33    -4.541377 e33_predicted    -3.924500 e33_error   -13.583462
name  111539 0.761000 surrogate_model_error     0.638506 generative_error     0.657690 reconstruction_loss     0.564933 C33    31.393612 C33_predicted    48.901176 C33_error    55.767921 e33    -4.052110 e33_predicted    -3.924500 e33_error    -3.149217
name _119729 0.813000 surrogate_model_error     1.598996 generative_error     0.386877 reconstruction_loss     0.492397 C33    42.616497 C33_predicted    48.901176 C33_error    14.747058 e33    -5.167031 e33_predicted    -3.924500 e33_error   -24.047287
name  166710 0.892000 surrogate_model_error     9.441923 generative_error     7.143155 reconstruction_loss     0.380645 C33    90.881477 C33_predicted    48.901176 C33_error   -46.192364 e33    -8.077641 e33_predicted    -3.924500 e33_error   -51.415260
name  280524 0.239000 surrogate_model_error     0.954886 generative_error     0.952349 reconstruction_loss     0.569269 C33     3.194715 C33_predicted    17.991577 C33_error   463.166809 e33    -0.229665 e33_predicted    -1.802606 e33_error   684.885925
name  280016 0.281000 surrogate_model_error     0.937127 generative_error     0.934472 reconstruction_loss     0.601330 C33     3.466087 C33_predicted    17.991577 C33_error   419.074524 e33    -0.231103 e33_predicted    -1.802606 e33_error   680.000061
name  281020 0.305000 surrogate_model_error     0.924720 generative_error     0.922929 reconstruction_loss     0.619608 C33     3.578560 C33_predicted    17.991577 C33_error   402.760284 e33    -0.238578 e33_predicted    -1.802606 e33_error   655.561096
name  280563 0.364000 surrogate_model_error     0.839490 generative_error     0.834231 reconstruction_loss     0.669226 C33     4.486816 C33_predicted    17.991577 C33_error   300.987579 e33    -0.296005 e33_predicted    -1.802606 e33_error   508.978394
name _280153 0.424000 surrogate_model_error     0.723714 generative_error     0.648342 reconstruction_loss     0.688450 C33     6.569272 C33_predicted    17.991587 C33_error   173.874893 e33    -0.428971 e33_predicted    -1.802607 e33_error   320.216675
name  205183 0.474000 surrogate_model_error     0.639348 generative_error     0.617009 reconstruction_loss     0.693094 C33     6.544271 C33_predicted    17.991587 C33_error   174.921158 e33    -0.490834 e33_predicted    -1.802607 e33_error   267.254242
name  210170 0.501000 surrogate_model_error     0.472788 generative_error     0.445476 reconstruction_loss     0.696731 C33     8.462383 C33_predicted    17.991587 C33_error   112.606613 e33    -0.669545 e33_predicted    -1.802607 e33_error   169.228561
name _150782 0.581000 surrogate_model_error     0.159770 generative_error     4.040306 reconstruction_loss     0.681013 C33    14.099419 C33_predicted    48.901176 C33_error   246.831161 e33    -1.200443 e33_predicted    -3.924500 e33_error   226.921066
name _126580 0.618000 surrogate_model_error     0.420991 generative_error     5.290099 reconstruction_loss     0.672172 C33     9.552438 C33_predicted    48.901176 C33_error   411.923553 e33    -0.742616 e33_predicted    -3.924500 e33_error   428.469421
name _115063 0.679000 surrogate_model_error     0.056704 generative_error     3.340768 reconstruction_loss     0.640490 C33    15.466239 C33_predicted    48.901176 C33_error   216.180130 e33    -1.718376 e33_predicted    -3.924500 e33_error   128.384277
name  053335 0.748000 surrogate_model_error     1.964485 generative_error     0.183521 reconstruction_loss     0.586036 C33    44.860954 C33_predicted    48.901176 C33_error     9.006100 e33    -4.795508 e33_predicted    -3.924500 e33_error   -18.162994
name  170965 0.765000 surrogate_model_error     0.589471 generative_error     0.504588 reconstruction_loss     0.524783 C33    33.590939 C33_predicted    48.901176 C33_error    45.578476 e33    -4.068590 e33_predicted    -3.924500 e33_error    -3.541514
name  167944 0.825000 surrogate_model_error     4.832056 generative_error     1.809199 reconstruction_loss     0.456975 C33    65.342323 C33_predicted    48.901176 C33_error   -25.161560 e33    -6.431894 e33_predicted    -3.924500 e33_error   -38.983749
name  167126 0.884000 surrogate_model_error     7.987056 generative_error     5.513417 reconstruction_loss     0.398245 C33    83.878960 C33_predicted    48.901176 C33_error   -41.700306 e33    -7.772105 e33_predicted    -3.924500 e33_error   -49.505306
name  280556 0.213000 surrogate_model_error     0.968323 generative_error     0.967774 reconstruction_loss     0.543748 C33     3.001247 C33_predicted    17.991577 C33_error   499.469971 e33    -0.224613 e33_predicted    -1.802606 e33_error   702.538330
name  280064 0.297000 surrogate_model_error     0.964548 generative_error     0.907923 reconstruction_loss     0.619530 C33     3.707909 C33_predicted    17.991577 C33_error   385.221680 e33    -0.250171 e33_predicted    -1.802606 e33_error   620.548584
name  281022 0.322000 surrogate_model_error     0.912620 generative_error     0.909429 reconstruction_loss     0.634879 C33     3.734482 C33_predicted    17.991577 C33_error   381.769012 e33    -0.245044 e33_predicted    -1.802606 e33_error   635.625732
name  280608 0.396000 surrogate_model_error     0.814388 generative_error     0.806070 reconstruction_loss     0.683087 C33     4.786892 C33_predicted    17.991587 C33_error   275.851105 e33    -0.314833 e33_predicted    -1.802607 e33_error   472.560272
name  280207 0.421000 surrogate_model_error     0.730829 generative_error     0.720273 reconstruction_loss     0.686256 C33     5.780234 C33_predicted    17.991585 C33_error   211.260468 e33    -0.370565 e33_predicted    -1.802607 e33_error   386.448059
name  207067 0.473000 surrogate_model_error     0.468067 generative_error     0.428877 reconstruction_loss     0.693266 C33     8.300996 C33_predicted    17.991587 C33_error   116.740097 e33    -0.723105 e33_predicted    -1.802607 e33_error   149.287033
name  210506 0.538000 surrogate_model_error     0.359608 generative_error     0.307664 reconstruction_loss     0.701364 C33     9.832765 C33_predicted    17.991587 C33_error    82.975868 e33    -0.883537 e33_predicted    -1.802607 e33_error   104.021698
name _141678 0.570000 surrogate_model_error     0.744551 generative_error     6.377257 reconstruction_loss     0.704426 C33     6.592260 C33_predicted    48.901176 C33_error   641.796814 e33    -0.313640 e33_predicted    -3.924500 e33_error  1151.274048
name _123282 0.618000 surrogate_model_error     0.631362 generative_error     5.934374 reconstruction_loss     0.675539 C33     8.075768 C33_predicted    48.901176 C33_error   505.529785 e33    -0.442817 e33_predicted    -3.924500 e33_error   786.258362
name  104304 0.682000 surrogate_model_error     0.033549 generative_error     3.122446 reconstruction_loss     0.639766 C33    16.706257 C33_predicted    48.901176 C33_error   192.711746 e33    -1.770515 e33_predicted    -3.924500 e33_error   121.658699
name _056234 0.746000 surrogate_model_error     1.245726 generative_error     0.274022 reconstruction_loss     0.572515 C33    39.854935 C33_predicted    48.901176 C33_error    22.697920 e33    -4.636289 e33_predicted    -3.924500 e33_error   -15.352551
name  142235 0.786000 surrogate_model_error     0.811186 generative_error     0.426065 reconstruction_loss     0.509940 C33    35.511929 C33_predicted    48.901176 C33_error    37.703522 e33    -4.394386 e33_predicted    -3.924500 e33_error   -10.692856
name  113525 0.842000 surrogate_model_error     2.301793 generative_error     0.632153 reconstruction_loss     0.460409 C33    48.981327 C33_predicted    48.901176 C33_error    -0.163635 e33    -5.720568 e33_predicted    -3.924500 e33_error   -31.396666
name _006001 0.853000 surrogate_model_error     6.224847 generative_error     3.596919 reconstruction_loss     0.455033 C33    75.648560 C33_predicted    48.901176 C33_error   -35.357426 e33    -7.174073 e33_predicted    -3.924500 e33_error   -45.296059
name  280835 0.224000 surrogate_model_error     0.961288 generative_error     0.959481 reconstruction_loss     0.556224 C33     3.119486 C33_predicted    17.991577 C33_error   476.748138 e33    -0.225832 e33_predicted    -1.802606 e33_error   698.205811
name  280072 0.269000 surrogate_model_error     0.908024 generative_error     0.902871 reconstruction_loss     0.599892 C33     3.686865 C33_predicted    17.991577 C33_error   387.991211 e33    -0.260622 e33_predicted    -1.802606 e33_error   591.655212
name  281026 0.347000 surrogate_model_error     0.896638 generative_error     0.891207 reconstruction_loss     0.653617 C33     3.985060 C33_predicted    17.991577 C33_error   351.475708 e33    -0.250129 e33_predicted    -1.802606 e33_error   620.671570
name _280711 0.355000 surrogate_model_error     0.734474 generative_error     0.689704 reconstruction_loss     0.692702 C33     5.740349 C33_predicted    17.991577 C33_error   213.423065 e33    -0.429974 e33_predicted    -1.802606 e33_error   319.236176
name  280274 0.437000 surrogate_model_error     0.759338 generative_error     0.748118 reconstruction_loss     0.686007 C33     5.418801 C33_predicted    17.991587 C33_error   232.021530 e33    -0.355115 e33_predicted    -1.802607 e33_error   407.612244
name  207115 0.481000 surrogate_model_error     0.633027 generative_error     0.609847 reconstruction_loss     0.694139 C33     6.643936 C33_predicted    17.991587 C33_error   170.797104 e33    -0.495337 e33_predicted    -1.802607 e33_error   263.915588
name  212350 0.509000 surrogate_model_error     0.522912 generative_error     0.497213 reconstruction_loss     0.696831 C33     7.594711 C33_predicted    17.991587 C33_error   136.896255 e33    -0.636650 e33_predicted    -1.802607 e33_error   183.139435
name _118829 0.556000 surrogate_model_error     0.681288 generative_error     6.181387 reconstruction_loss     0.702821 C33     7.052965 C33_predicted    48.901176 C33_error   593.342102 e33    -0.394451 e33_predicted    -3.924500 e33_error   894.926270
name _113513 0.610000 surrogate_model_error     0.653440 generative_error     6.016906 reconstruction_loss     0.680238 C33     7.889890 C33_predicted    48.901176 C33_error   519.795471 e33    -0.406329 e33_predicted    -3.924500 e33_error   865.843811
name  000794 0.656000 surrogate_model_error     0.255838 generative_error     1.242223 reconstruction_loss     0.641166 C33    26.119389 C33_predicted    48.901176 C33_error    87.221748 e33    -3.097617 e33_predicted    -3.924500 e33_error    26.694193
name _061637 0.715000 surrogate_model_error     0.506468 generative_error     0.782200 reconstruction_loss     0.610367 C33    29.823746 C33_predicted    48.901176 C33_error    63.967251 e33    -3.763749 e33_predicted    -3.924500 e33_error     4.271056
name _171776 0.787000 surrogate_model_error     0.073334 generative_error     1.593178 reconstruction_loss     0.546336 C33    23.519758 C33_predicted    48.901176 C33_error   107.915306 e33    -2.870762 e33_predicted    -3.924500 e33_error    36.705864
name  121602 0.806000 surrogate_model_error     1.645497 generative_error     0.331268 reconstruction_loss     0.506529 C33    43.272457 C33_predicted    48.901176 C33_error    13.007627 e33    -5.084352 e33_predicted    -3.924500 e33_error   -22.812174
name _044711 0.864000 surrogate_model_error     7.399972 generative_error     5.301506 reconstruction_loss     0.416884 C33    83.760490 C33_predicted    48.901176 C33_error   -41.617847 e33    -7.641059 e33_predicted    -3.924500 e33_error   -48.639313
name  280859 0.231000 surrogate_model_error     0.946783 generative_error     0.945294 reconstruction_loss     0.562919 C33     3.233555 C33_predicted    17.991577 C33_error   456.402405 e33    -0.237151 e33_predicted    -1.802606 e33_error   660.108032
name  280109 0.254000 surrogate_model_error     0.940077 generative_error     0.937683 reconstruction_loss     0.581742 C33     3.436344 C33_predicted    17.991577 C33_error   423.567383 e33    -0.228890 e33_predicted    -1.802606 e33_error   687.543884
name  281056 0.328000 surrogate_model_error     0.903273 generative_error     0.899276 reconstruction_loss     0.634752 C33     3.832823 C33_predicted    17.991577 C33_error   369.408020 e33    -0.251915 e33_predicted    -1.802606 e33_error   615.560547
name  204750 0.356000 surrogate_model_error     0.890678 generative_error     0.887302 reconstruction_loss     0.657774 C33     4.020250 C33_predicted    17.991577 C33_error   347.523804 e33    -0.253095 e33_predicted    -1.802606 e33_error   612.225952
name _280323 0.436000 surrogate_model_error     0.367668 generative_error     0.189162 reconstruction_loss     0.698350 C33    12.187314 C33_predicted    17.991587 C33_error    47.625526 e33    -1.029167 e33_predicted    -1.802607 e33_error    75.151993
name  209959 0.481000 surrogate_model_error     0.597244 generative_error     0.574962 reconstruction_loss     0.692811 C33     7.459584 C33_predicted    17.991587 C33_error   141.187515 e33    -0.489062 e33_predicted    -1.802607 e33_error   268.584473
name  213242 0.510000 surrogate_model_error     0.650749 generative_error     0.630636 reconstruction_loss     0.696074 C33     7.141026 C33_predicted    17.991587 C33_error   151.946793 e33    -0.411463 e33_predicted    -1.802607 e33_error   338.097198
name _123783 0.567000 surrogate_model_error     0.712754 generative_error     6.293069 reconstruction_loss     0.705439 C33     6.767286 C33_predicted    48.901176 C33_error   622.611267 e33    -0.351023 e33_predicted    -3.924500 e33_error  1018.017395
2it [00:24, 10.24s/it]name _165146 0.640000 surrogate_model_error     0.601386 generative_error     5.779007 reconstruction_loss     0.669346 C33     8.902696 C33_predicted    48.901176 C33_error   449.285065 e33    -0.452102 e33_predicted    -3.924500 e33_error   768.056091
name _007815 0.697000 surrogate_model_error     0.477840 generative_error     0.796422 reconstruction_loss     0.619449 C33    29.737608 C33_predicted    48.901176 C33_error    64.442200 e33    -3.674458 e33_predicted    -3.924500 e33_error     6.804880
name _068291 0.728000 surrogate_model_error     0.989156 generative_error     0.310455 reconstruction_loss     0.605942 C33    37.286804 C33_predicted    48.901176 C33_error    31.148748 e33    -4.262729 e33_predicted    -3.924500 e33_error    -7.934547
name  117523 0.797000 surrogate_model_error     3.245825 generative_error     0.631829 reconstruction_loss     0.502970 C33    54.132820 C33_predicted    48.901176 C33_error    -9.664458 e33    -5.635066 e33_predicted    -3.924500 e33_error   -30.355732
name  159334 0.803000 surrogate_model_error     1.167725 generative_error     0.335229 reconstruction_loss     0.485711 C33    39.707241 C33_predicted    48.901176 C33_error    23.154305 e33    -4.813112 e33_predicted    -3.924500 e33_error   -18.462311
name  049241 0.855000 surrogate_model_error     7.212356 generative_error     5.167116 reconstruction_loss     0.397746 C33    83.450500 C33_predicted    48.901176 C33_error   -41.400978 e33    -7.579834 e33_predicted    -3.924500 e33_error   -48.224449
name  280939 0.205000 surrogate_model_error     0.956591 generative_error     0.952948 reconstruction_loss     0.540818 C33     3.144926 C33_predicted    17.991577 C33_error   472.082703 e33    -0.233812 e33_predicted    -1.802606 e33_error   670.964661
name  280110 0.255000 surrogate_model_error     0.954718 generative_error     0.950055 reconstruction_loss     0.579121 C33     3.246149 C33_predicted    17.991577 C33_error   454.243713 e33    -0.228124 e33_predicted    -1.802606 e33_error   690.185974
name  222630 0.327000 surrogate_model_error     0.860321 generative_error     0.849427 reconstruction_loss     0.645694 C33     4.278143 C33_predicted    17.991577 C33_error   320.546417 e33    -0.290817 e33_predicted    -1.802606 e33_error   519.842957
name  219472 0.383000 surrogate_model_error     0.840788 generative_error     0.822640 reconstruction_loss     0.682024 C33     4.625418 C33_predicted    17.991587 C33_error   288.972168 e33    -0.302181 e33_predicted    -1.802607 e33_error   496.532593
name  280359 0.438000 surrogate_model_error     0.835317 generative_error     0.808402 reconstruction_loss     0.688321 C33     5.062876 C33_predicted    17.991587 C33_error   255.362991 e33    -0.284726 e33_predicted    -1.802607 e33_error   533.103027
name  214706 0.470000 surrogate_model_error     0.581788 generative_error     0.564520 reconstruction_loss     0.692030 C33     6.847421 C33_predicted    17.991587 C33_error   162.749847 e33    -0.566678 e33_predicted    -1.802607 e33_error   218.100830
name  217458 0.520000 surrogate_model_error     0.379371 generative_error     0.326656 reconstruction_loss     0.699404 C33     9.710037 C33_predicted    17.991587 C33_error    85.288544 e33    -0.843639 e33_predicted    -1.802607 e33_error   113.670494
name _148426 0.563000 surrogate_model_error     0.374348 generative_error     5.236747 reconstruction_loss     0.698165 C33     9.036570 C33_predicted    48.901176 C33_error   441.147583 e33    -0.857441 e33_predicted    -3.924500 e33_error   357.699097
name  152053 0.636000 surrogate_model_error     0.036662 generative_error     2.812142 reconstruction_loss     0.646310 C33    18.163015 C33_predicted    48.901176 C33_error   169.234909 e33    -1.910765 e33_predicted    -3.924500 e33_error   105.388947
name _008324 0.699000 surrogate_model_error     0.357683 generative_error     1.013162 reconstruction_loss     0.622939 C33    27.599014 C33_predicted    48.901176 C33_error    77.184509 e33    -3.449549 e33_predicted    -3.924500 e33_error    13.768502
name _069191 0.742000 surrogate_model_error     1.510688 generative_error     0.208575 reconstruction_loss     0.578276 C33    42.641155 C33_predicted    48.901176 C33_error    14.680703 e33    -4.722851 e33_predicted    -3.924500 e33_error   -16.904001
name  151622 0.757000 surrogate_model_error     0.041654 generative_error     2.256086 reconstruction_loss     0.576364 C33    19.531086 C33_predicted    48.901176 C33_error   150.376129 e33    -2.470685 e33_predicted    -3.924500 e33_error    58.842636
name  155926 0.826000 surrogate_model_error     5.839463 generative_error     2.690699 reconstruction_loss     0.439541 C33    72.125916 C33_predicted    48.901176 C33_error   -32.200268 e33    -6.726887 e33_predicted    -3.924500 e33_error   -41.659489
name  147975 0.852000 surrogate_model_error     0.205906 generative_error     0.606067 reconstruction_loss     0.449301 C33    32.396244 C33_predicted    48.901176 C33_error    50.947056 e33    -3.571737 e33_predicted    -3.924500 e33_error     9.876531
name  281003 0.222000 surrogate_model_error     0.961912 generative_error     0.961314 reconstruction_loss     0.552667 C33     3.094717 C33_predicted    17.991577 C33_error   481.364227 e33    -0.225413 e33_predicted    -1.802606 e33_error   699.690369
name  280288 0.259000 surrogate_model_error     0.927518 generative_error     0.916973 reconstruction_loss     0.590317 C33     3.513338 C33_predicted    17.991577 C33_error   412.093506 e33    -0.254945 e33_predicted    -1.802606 e33_error   607.057617
name  280280 0.308000 surrogate_model_error     0.898449 generative_error     0.895705 reconstruction_loss     0.623394 C33     3.899780 C33_predicted    17.991577 C33_error   361.348480 e33    -0.251146 e33_predicted    -1.802606 e33_error   617.751221
name  280183 0.370000 surrogate_model_error     0.849211 generative_error     0.843747 reconstruction_loss     0.673051 C33     4.424128 C33_predicted    17.991577 C33_error   306.669495 e33    -0.286059 e33_predicted    -1.802606 e33_error   530.152832
name  280615 0.440000 surrogate_model_error     0.665793 generative_error     0.652762 reconstruction_loss     0.688727 C33     6.314488 C33_predicted    17.991587 C33_error   184.925491 e33    -0.444189 e33_predicted    -1.802607 e33_error   305.820160
name  215266 0.489000 surrogate_model_error     0.582682 generative_error     0.553752 reconstruction_loss     0.695236 C33     7.273460 C33_predicted    17.991587 C33_error   147.359375 e33    -0.547991 e33_predicted    -1.802607 e33_error   228.948380
name  219926 0.545000 surrogate_model_error     0.376350 generative_error     0.280929 reconstruction_loss     0.703093 C33     9.951638 C33_predicted    17.991587 C33_error    80.790199 e33    -0.948651 e33_predicted    -1.802607 e33_error    90.017899
name _109688 0.583000 surrogate_model_error     0.684931 generative_error     6.167793 reconstruction_loss     0.694067 C33     7.264370 C33_predicted    48.901176 C33_error   573.164734 e33    -0.377080 e33_predicted    -3.924500 e33_error   940.760193
name _148635 0.630000 surrogate_model_error     0.617320 generative_error     5.878716 reconstruction_loss     0.673611 C33     8.270198 C33_predicted    48.901176 C33_error   491.293884 e33    -0.458859 e33_predicted    -3.924500 e33_error   755.273315
name _009647 0.699000 surrogate_model_error     0.523845 generative_error     0.751768 reconstruction_loss     0.617725 C33    30.216280 C33_predicted    48.901176 C33_error    61.837181 e33    -3.745445 e33_predicted    -3.924500 e33_error     4.780612
name _071314 0.700000 surrogate_model_error     0.450797 generative_error     0.835451 reconstruction_loss     0.619940 C33    29.344213 C33_predicted    48.901176 C33_error    66.646744 e33    -3.615129 e33_predicted    -3.924500 e33_error     8.557689
name  179370 0.788000 surrogate_model_error     1.023097 generative_error     0.358514 reconstruction_loss     0.502320 C33    37.842815 C33_predicted    48.901176 C33_error    29.221823 e33    -4.629491 e33_predicted    -3.924500 e33_error   -15.228249
name _148301 0.831000 surrogate_model_error     1.558169 generative_error     0.374023 reconstruction_loss     0.468957 C33    43.668770 C33_predicted    48.901176 C33_error    11.982034 e33    -5.193494 e33_predicted    -3.924500 e33_error   -24.434290
name  102191 0.897000 surrogate_model_error    10.327500 generative_error     8.025251 reconstruction_loss     0.333245 C33    92.842392 C33_predicted    48.901176 C33_error   -47.328827 e33    -8.387020 e33_predicted    -3.924500 e33_error   -53.207451
name  280135 0.241000 surrogate_model_error     0.947005 generative_error     0.943839 reconstruction_loss     0.568407 C33     3.269388 C33_predicted    17.991577 C33_error   450.304077 e33    -0.235847 e33_predicted    -1.802606 e33_error   664.312683
name  280293 0.281000 surrogate_model_error     0.934535 generative_error     0.932878 reconstruction_loss     0.602506 C33     3.437683 C33_predicted    17.991577 C33_error   423.363464 e33    -0.236565 e33_predicted    -1.802606 e33_error   661.992554
name  280281 0.347000 surrogate_model_error     0.864232 generative_error     0.858612 reconstruction_loss     0.652123 C33     4.303514 C33_predicted    17.991577 C33_error   318.067078 e33    -0.272916 e33_predicted    -1.802606 e33_error   560.498535
name  280186 0.386000 surrogate_model_error     0.851305 generative_error     0.843466 reconstruction_loss     0.681603 C33     4.450827 C33_predicted    17.991587 C33_error   304.230225 e33    -0.283934 e33_predicted    -1.802607 e33_error   534.868774
name  280709 0.442000 surrogate_model_error     0.689583 generative_error     0.674759 reconstruction_loss     0.687788 C33     6.270941 C33_predicted    17.991587 C33_error   186.904099 e33    -0.407455 e33_predicted    -1.802607 e33_error   342.405884
name  219026 0.482000 surrogate_model_error     0.789608 generative_error     0.780832 reconstruction_loss     0.690558 C33     5.364033 C33_predicted    17.991587 C33_error   235.411575 e33    -0.303562 e33_predicted    -1.802607 e33_error   493.818512
name  220153 0.545000 surrogate_model_error     0.507761 generative_error     0.481798 reconstruction_loss     0.700285 C33     7.743834 C33_predicted    17.991587 C33_error   132.334366 e33    -0.656163 e33_predicted    -1.802607 e33_error   174.719482
name _113231 0.586000 surrogate_model_error     0.395803 generative_error     5.222613 reconstruction_loss     0.687602 C33    10.076508 C33_predicted    48.901176 C33_error   385.298859 e33    -0.726624 e33_predicted    -3.924500 e33_error   440.100739
name  100924 0.638000 surrogate_model_error     0.067925 generative_error     3.100143 reconstruction_loss     0.645516 C33    16.572533 C33_predicted    48.901176 C33_error   195.073639 e33    -1.819311 e33_predicted    -3.924500 e33_error   115.713600
name _013687 0.697000 surrogate_model_error     0.464626 generative_error     0.812758 reconstruction_loss     0.619885 C33    29.581057 C33_predicted    48.901176 C33_error    65.312469 e33    -3.641242 e33_predicted    -3.924500 e33_error     7.779171
name  072235 0.702000 surrogate_model_error     1.128071 generative_error     0.027649 reconstruction_loss     0.572867 C33    46.447811 C33_predicted    48.901176 C33_error     5.281982 e33    -4.199289 e33_predicted    -3.924500 e33_error    -6.543699
name _112473 0.778000 surrogate_model_error     0.049651 generative_error     2.024333 reconstruction_loss     0.558309 C33    20.729643 C33_predicted    48.901176 C33_error   135.899750 e33    -2.627415 e33_predicted    -3.924500 e33_error    49.367378
name  115435 0.815000 surrogate_model_error     3.809210 generative_error     1.153131 reconstruction_loss     0.452844 C33    60.529335 C33_predicted    48.901176 C33_error   -19.210783 e33    -6.024775 e33_predicted    -3.924500 e33_error   -34.860630
name  170550 0.853000 surrogate_model_error     1.853080 generative_error     0.554258 reconstruction_loss     0.433054 C33    47.375629 C33_predicted    48.901176 C33_error     3.220109 e33    -5.598736 e33_predicted    -3.924500 e33_error   -29.903816
name  280267 0.241000 surrogate_model_error     0.954654 generative_error     0.952480 reconstruction_loss     0.571836 C33     3.214602 C33_predicted    17.991577 C33_error   459.682953 e33    -0.227417 e33_predicted    -1.802606 e33_error   692.641785
name  280351 0.279000 surrogate_model_error     0.922811 generative_error     0.919407 reconstruction_loss     0.602482 C33     3.543697 C33_predicted    17.991577 C33_error   407.706360 e33    -0.247856 e33_predicted    -1.802606 e33_error   627.278015
name  280328 0.320000 surrogate_model_error     0.917142 generative_error     0.913447 reconstruction_loss     0.631309 C33     3.712400 C33_predicted    17.991577 C33_error   384.634613 e33    -0.240672 e33_predicted    -1.802606 e33_error   648.990112
name  280187 0.383000 surrogate_model_error     0.855131 generative_error     0.850782 reconstruction_loss     0.680458 C33     4.483225 C33_predicted    17.991587 C33_error   301.309052 e33    -0.268577 e33_predicted    -1.802607 e33_error   571.170166
name  280710 0.404000 surrogate_model_error     0.844467 generative_error     0.837208 reconstruction_loss     0.683573 C33     4.611712 C33_predicted    17.991587 C33_error   290.128204 e33    -0.278918 e33_predicted    -1.802607 e33_error   546.285217
name  219070 0.483000 surrogate_model_error     0.708315 generative_error     0.687525 reconstruction_loss     0.693939 C33     6.111852 C33_predicted    17.991587 C33_error   194.372116 e33    -0.398796 e33_predicted    -1.802607 e33_error   352.012451
name  220237 0.509000 surrogate_model_error     0.527904 generative_error     0.439195 reconstruction_loss     0.698355 C33     8.248623 C33_predicted    17.991587 C33_error   118.116249 e33    -0.704022 e33_predicted    -1.802607 e33_error   156.043961
name _113818 0.597000 surrogate_model_error     0.672653 generative_error     6.122104 reconstruction_loss     0.686637 C33     7.399314 C33_predicted    48.901176 C33_error   560.887939 e33    -0.392747 e33_predicted    -3.924500 e33_error   899.243469
name _112738 0.635000 surrogate_model_error     0.632962 generative_error     5.919744 reconstruction_loss     0.670934 C33     8.323218 C33_predicted    48.901176 C33_error   487.527252 e33    -0.422079 e33_predicted    -3.924500 e33_error   829.803223
name _014586 0.697000 surrogate_model_error     0.499441 generative_error     0.794200 reconstruction_loss     0.620360 C33    29.744726 C33_predicted    48.901176 C33_error    64.402847 e33    -3.691791 e33_predicted    -3.924500 e33_error     6.303442
name _075980 0.708000 surrogate_model_error     0.810948 generative_error     0.386923 reconstruction_loss     0.612050 C33    35.476933 C33_predicted    48.901176 C33_error    37.839359 e33    -4.028549 e33_predicted    -3.924500 e33_error    -2.582784
name  143867 0.775000 surrogate_model_error     1.077701 generative_error     0.261599 reconstruction_loss     0.512826 C33    39.727562 C33_predicted    48.901176 C33_error    23.091311 e33    -4.570996 e33_predicted    -3.924500 e33_error   -14.143434
3it [00:25,  6.42s/it]name _105531 0.847000 surrogate_model_error     2.053857 generative_error     0.612866 reconstruction_loss     0.450087 C33    47.316929 C33_predicted    48.901176 C33_error     3.348162 e33    -5.685226 e33_predicted    -3.924500 e33_error   -30.970200
name  136984 0.899000 surrogate_model_error    10.722735 generative_error     8.708069 reconstruction_loss     0.335469 C33    95.529213 C33_predicted    48.901176 C33_error   -48.810238 e33    -8.479382 e33_predicted    -3.924500 e33_error   -53.717136
name  280294 0.210000 surrogate_model_error     0.964240 generative_error     0.961656 reconstruction_loss     0.550274 C33     3.066193 C33_predicted    17.991577 C33_error   486.772552 e33    -0.227801 e33_predicted    -1.802606 e33_error   691.307373
name  280383 0.287000 surrogate_model_error     0.913955 generative_error     0.909662 reconstruction_loss     0.603805 C33     3.714275 C33_predicted    17.991577 C33_error   384.389984 e33    -0.246680 e33_predicted    -1.802606 e33_error   630.746948
name  280409 0.314000 surrogate_model_error     0.915666 generative_error     0.910095 reconstruction_loss     0.628942 C33     3.794338 C33_predicted    17.991577 C33_error   374.169037 e33    -0.238010 e33_predicted    -1.802606 e33_error   657.365417
name  280501 0.397000 surrogate_model_error     0.795680 generative_error     0.787145 reconstruction_loss     0.683065 C33     5.308332 C33_predicted    17.991587 C33_error   238.931046 e33    -0.297951 e33_predicted    -1.802607 e33_error   505.000916
name  280802 0.405000 surrogate_model_error     0.700343 generative_error     0.689411 reconstruction_loss     0.685148 C33     5.785912 C33_predicted    17.991587 C33_error   210.955093 e33    -0.426101 e33_predicted    -1.802607 e33_error   323.046417
name  219602 0.482000 surrogate_model_error     0.790882 generative_error     0.782721 reconstruction_loss     0.690569 C33     5.316402 C33_predicted    17.991587 C33_error   238.416565 e33    -0.304727 e33_predicted    -1.802607 e33_error   491.548889
name  221685 0.526000 surrogate_model_error     0.503778 generative_error     0.479882 reconstruction_loss     0.698266 C33     8.420129 C33_predicted    17.991587 C33_error   113.673538 e33    -0.598193 e33_predicted    -1.802607 e33_error   201.342056
name _002824 0.566000 surrogate_model_error     0.497660 generative_error     5.637838 reconstruction_loss     0.701034 C33     8.592918 C33_predicted    48.901176 C33_error   469.086914 e33    -0.597929 e33_predicted    -3.924500 e33_error   556.348694
name _151210 0.637000 surrogate_model_error     0.603682 generative_error     5.826978 reconstruction_loss     0.672054 C33     8.677084 C33_predicted    48.901176 C33_error   463.566925 e33    -0.445258 e33_predicted    -3.924500 e33_error   781.398926
name  016226 0.695000 surrogate_model_error     0.468245 generative_error     0.818609 reconstruction_loss     0.619985 C33    29.487589 C33_predicted    48.901176 C33_error    65.836472 e33    -3.658702 e33_predicted    -3.924500 e33_error     7.264832
name  077521 0.710000 surrogate_model_error     0.866763 generative_error     0.476098 reconstruction_loss     0.616047 C33    33.983128 C33_predicted    48.901176 C33_error    43.898399 e33    -3.857006 e33_predicted    -3.924500 e33_error     1.749917
name _149969 0.763000 surrogate_model_error     1.110713 generative_error     0.325750 reconstruction_loss     0.558593 C33    38.084270 C33_predicted    48.901176 C33_error    28.402554 e33    -4.546893 e33_predicted    -3.924500 e33_error   -13.688306
name _173732 0.823000 surrogate_model_error     2.284968 generative_error     0.485975 reconstruction_loss     0.486566 C33    49.418900 C33_predicted    48.901176 C33_error    -1.047622 e33    -5.498365 e33_predicted    -3.924500 e33_error   -28.624228
name  161994 0.892000 surrogate_model_error     9.738798 generative_error     7.476070 reconstruction_loss     0.344510 C33    91.192345 C33_predicted    48.901176 C33_error   -46.375786 e33    -8.244455 e33_predicted    -3.924500 e33_error   -52.398304
name  280318 0.239000 surrogate_model_error     0.953542 generative_error     0.952326 reconstruction_loss     0.567289 C33     3.207869 C33_predicted    17.991577 C33_error   460.857666 e33    -0.228355 e33_predicted    -1.802606 e33_error   689.386108
name  280385 0.255000 surrogate_model_error     0.952547 generative_error     0.951605 reconstruction_loss     0.579887 C33     3.231792 C33_predicted    17.991577 C33_error   456.705841 e33    -0.227078 e33_predicted    -1.802606 e33_error   693.825623
name  280433 0.309000 surrogate_model_error     0.868993 generative_error     0.864136 reconstruction_loss     0.627829 C33     4.187431 C33_predicted    17.991577 C33_error   329.656647 e33    -0.275071 e33_predicted    -1.802606 e33_error   555.324890
name  280786 0.396000 surrogate_model_error     0.869606 generative_error     0.855327 reconstruction_loss     0.682717 C33     4.487310 C33_predicted    17.991587 C33_error   300.943665 e33    -0.260646 e33_predicted    -1.802607 e33_error   591.593323
name  280824 0.445000 surrogate_model_error     0.647831 generative_error     0.615548 reconstruction_loss     0.689168 C33     6.596372 C33_predicted    17.991587 C33_error   172.749741 e33    -0.488733 e33_predicted    -1.802607 e33_error   268.832428
name  220485 0.463000 surrogate_model_error     0.564275 generative_error     0.537152 reconstruction_loss     0.692319 C33     7.574827 C33_predicted    17.991587 C33_error   137.518112 e33    -0.554106 e33_predicted    -1.802607 e33_error   225.318329
name  222865 0.545000 surrogate_model_error     0.291617 generative_error     0.250935 reconstruction_loss     0.701859 C33    10.398331 C33_predicted    17.991587 C33_error    73.023804 e33    -0.994973 e33_predicted    -1.802607 e33_error    81.171486
name  013740 0.573000 surrogate_model_error     0.003360 generative_error     2.950570 reconstruction_loss     0.683571 C33    17.629120 C33_predicted    48.901176 C33_error   177.388641 e33    -1.826696 e33_predicted    -3.924500 e33_error   114.841499
name _132013 0.625000 surrogate_model_error     0.618958 generative_error     5.914558 reconstruction_loss     0.675936 C33     8.128685 C33_predicted    48.901176 C33_error   501.587769 e33    -0.450590 e33_predicted    -3.924500 e33_error   770.968567
name  018000 0.684000 surrogate_model_error     0.114798 generative_error     1.722521 reconstruction_loss     0.628711 C33    22.548923 C33_predicted    48.901176 C33_error   116.867012 e33    -2.818546 e33_predicted    -3.924500 e33_error    39.238483
name  154207 0.728000 surrogate_model_error     0.022087 generative_error     1.531044 reconstruction_loss     0.544483 C33    26.220619 C33_predicted    48.901176 C33_error    86.498940 e33    -2.438648 e33_predicted    -3.924500 e33_error    60.929337
name  112318 0.765000 surrogate_model_error     1.934065 generative_error     0.196885 reconstruction_loss     0.514885 C33    48.599850 C33_predicted    48.901176 C33_error     0.620016 e33    -4.926364 e33_predicted    -3.924500 e33_error   -20.336781
name  121702 0.812000 surrogate_model_error     1.327589 generative_error     0.344041 reconstruction_loss     0.470376 C33    41.739941 C33_predicted    48.901176 C33_error    17.156796 e33    -5.018510 e33_predicted    -3.924500 e33_error   -21.799486
name  150304 0.885000 surrogate_model_error     8.800085 generative_error     6.369799 reconstruction_loss     0.374359 C33    87.257515 C33_predicted    48.901176 C33_error   -43.957634 e33    -7.983376 e33_predicted    -3.924500 e33_error   -50.841591
name  280497 0.243000 surrogate_model_error     0.949932 generative_error     0.948056 reconstruction_loss     0.574950 C33     3.222172 C33_predicted    17.991577 C33_error   458.368042 e33    -0.233823 e33_predicted    -1.802606 e33_error   670.927307
name  280521 0.296000 surrogate_model_error     0.931494 generative_error     0.926979 reconstruction_loss     0.614200 C33     3.544149 C33_predicted    17.991577 C33_error   407.641632 e33    -0.235435 e33_predicted    -1.802606 e33_error   665.650146
name  280435 0.304000 surrogate_model_error     0.932364 generative_error     0.925454 reconstruction_loss     0.621441 C33     3.566412 C33_predicted    17.991577 C33_error   404.472748 e33    -0.235683 e33_predicted    -1.802606 e33_error   664.843506
name  280852 0.355000 surrogate_model_error     0.894623 generative_error     0.887705 reconstruction_loss     0.666529 C33     4.074087 C33_predicted    17.991577 C33_error   341.610016 e33    -0.247163 e33_predicted    -1.802606 e33_error   629.319214
name  280921 0.430000 surrogate_model_error     0.644222 generative_error     0.611378 reconstruction_loss     0.688466 C33     6.720062 C33_predicted    17.991587 C33_error   167.729462 e33    -0.485212 e33_predicted    -1.802607 e33_error   271.509399
name  220817 0.474000 surrogate_model_error     0.629871 generative_error     0.601328 reconstruction_loss     0.693513 C33     6.766466 C33_predicted    17.991587 C33_error   165.893402 e33    -0.500446 e33_predicted    -1.802607 e33_error   260.200012
name  224613 0.501000 surrogate_model_error     0.681754 generative_error     0.665679 reconstruction_loss     0.695146 C33     6.454848 C33_predicted    17.991587 C33_error   178.729813 e33    -0.407358 e33_predicted    -1.802607 e33_error   342.511780
name  025980 0.593000 surrogate_model_error     0.008374 generative_error     2.631602 reconstruction_loss     0.673584 C33    18.535015 C33_predicted    48.901176 C33_error   163.831329 e33    -2.085613 e33_predicted    -3.924500 e33_error    88.170074
name  156729 0.613000 surrogate_model_error     0.185650 generative_error     4.331165 reconstruction_loss     0.673128 C33    12.391338 C33_predicted    48.901176 C33_error   294.639984 e33    -1.171775 e33_predicted    -3.924500 e33_error   234.919312
name  021926 0.692000 surrogate_model_error     0.586788 generative_error     0.753527 reconstruction_loss     0.626471 C33    30.569763 C33_predicted    48.901176 C33_error    59.965836 e33    -3.495996 e33_predicted    -3.924500 e33_error    12.256991
name  165179 0.748000 surrogate_model_error     0.324550 generative_error     0.678301 reconstruction_loss     0.549779 C33    31.283077 C33_predicted    48.901176 C33_error    56.318306 e33    -3.643150 e33_predicted    -3.924500 e33_error     7.722730
name  171033 0.750000 surrogate_model_error     0.520676 generative_error     0.557369 reconstruction_loss     0.549949 C33    32.745956 C33_predicted    48.901176 C33_error    49.335007 e33    -3.904735 e33_predicted    -3.924500 e33_error     0.506190
name  124210 0.841000 surrogate_model_error     1.618676 generative_error     0.416967 reconstruction_loss     0.457958 C33    44.640415 C33_predicted    48.901176 C33_error     9.544627 e33    -5.313745 e33_predicted    -3.924500 e33_error   -26.144358
name _156004 0.891000 surrogate_model_error     8.458496 generative_error     6.026307 reconstruction_loss     0.385418 C33    85.852509 C33_predicted    48.901176 C33_error   -43.040482 e33    -7.908788 e33_predicted    -3.924500 e33_error   -50.377979
name  280532 0.225000 surrogate_model_error     0.959683 generative_error     0.958551 reconstruction_loss     0.558526 C33     3.129866 C33_predicted    17.991577 C33_error   474.835449 e33    -0.226270 e33_predicted    -1.802606 e33_error   696.660339
name  280594 0.262000 surrogate_model_error     0.932133 generative_error     0.927792 reconstruction_loss     0.583369 C33     3.439583 C33_predicted    17.991577 C33_error   423.074402 e33    -0.244680 e33_predicted    -1.802606 e33_error   636.720276
name  280670 0.339000 surrogate_model_error     0.876301 generative_error     0.870647 reconstruction_loss     0.648371 C33     4.195452 C33_predicted    17.991577 C33_error   328.835266 e33    -0.263449 e33_predicted    -1.802606 e33_error   584.233154
name  280880 0.350000 surrogate_model_error     0.902306 generative_error     0.898248 reconstruction_loss     0.654746 C33     3.918348 C33_predicted    17.991577 C33_error   359.162262 e33    -0.245139 e33_predicted    -1.802606 e33_error   635.338867
name  281029 0.400000 surrogate_model_error     0.759846 generative_error     0.749936 reconstruction_loss     0.683768 C33     5.508403 C33_predicted    17.991587 C33_error   226.620743 e33    -0.343506 e33_predicted    -1.802607 e33_error   424.767426
name  223215 0.482000 surrogate_model_error     0.741647 generative_error     0.725777 reconstruction_loss     0.693067 C33     6.017683 C33_predicted    17.991587 C33_error   198.978638 e33    -0.339252 e33_predicted    -1.802607 e33_error   431.348175
name  225385 0.547000 surrogate_model_error     0.243658 generative_error     0.207377 reconstruction_loss     0.702436 C33    11.433428 C33_predicted    17.991587 C33_error    57.359520 e33    -1.034748 e33_predicted    -1.802607 e33_error    74.207314
name _031044 0.557000 surrogate_model_error     0.338756 generative_error     5.100039 reconstruction_loss     0.705376 C33     9.618245 C33_predicted    48.901176 C33_error   408.420990 e33    -0.889557 e33_predicted    -3.924500 e33_error   341.174896
name  136615 0.640000 surrogate_model_error     0.425680 generative_error     5.177995 reconstruction_loss     0.661438 C33    10.439868 C33_predicted    48.901176 C33_error   368.407990 e33    -0.714403 e33_predicted    -3.924500 e33_error   449.339935
name  022286 0.696000 surrogate_model_error     0.352611 generative_error     1.015477 reconstruction_loss     0.624308 C33    27.647928 C33_predicted    48.901176 C33_error    76.871033 e33    -3.414525 e33_predicted    -3.924500 e33_error    14.935472
name _164358 0.702000 surrogate_model_error     0.247952 generative_error     4.218127 reconstruction_loss     0.627172 C33    13.284168 C33_predicted    48.901176 C33_error   268.116211 e33    -1.149187 e33_predicted    -3.924500 e33_error   241.502396
name  113166 0.776000 surrogate_model_error     2.695339 generative_error     0.428089 reconstruction_loss     0.508908 C33    53.476425 C33_predicted    48.901176 C33_error    -8.555636 e33    -5.323242 e33_predicted    -3.924500 e33_error   -26.276119
name  102357 0.816000 surrogate_model_error     1.500295 generative_error     0.395366 reconstruction_loss     0.490218 C33    41.348537 C33_predicted    48.901176 C33_error    18.265795 e33    -5.106032 e33_predicted    -3.924500 e33_error   -23.139921
name _015182 0.872000 surrogate_model_error     8.803621 generative_error     7.009043 reconstruction_loss     0.359299 C33    90.293922 C33_predicted    48.901176 C33_error   -45.842228 e33    -8.059471 e33_predicted    -3.924500 e33_error   -51.305733
4it [00:27,  4.60s/it]4it [00:27,  6.94s/it]
name average surrogate_model_error     1.300485 generative_error     1.831589 reconstruction_loss     0.607947 C33    19.815014 C33_predicted    33.446457 C33_error   221.072205 e33    -1.970674 e33_predicted    -2.863555 e33_error   318.644043
