/work/sheidaei/conda/envs/mytorch/lib/python3.9/site-packages/torch/functional.py:504: UserWarning: torch.meshgrid: in an upcoming release, it will be required to pass the indexing argument. (Triggered internally at /opt/conda/conda-bld/pytorch_1682343997789/work/aten/src/ATen/native/TensorShape.cpp:3483.)
  return _VF.meshgrid(tensors, **kwargs)  # type: ignore[attr-defined]
Namespace(dataset='Design', img_size=[160, 160, 160], vit_name='Conv-ViT-Gen-B_16', pretrained_net_path=False, is_encoder_pretrained=True, vit_patches_size=[8, 8, 8], deterministic=1, max_epochs=100, batch_size=32, base_lr=0.01, seed=1234, is_savenii=False, test_save_dir='../predictions', gpu=4, batch_size_test=32, world_size=-1, rank=-1, dist_url='env://', dist_backend='nccl', local_rank=-1, index=None, num_classes=2, volume_path='/work/sheidaei/mhashemi/data/mat', Dataset=<class 'datasets.dataset_3D.Design_dataset'>, list_dir='./lists/lists_Design', z_spacing=1, exp='TVG_Design[160, 160, 160]', distributed=False)
TVG_encoderpretrained_Conv-ViT-Gen-B_16_vitpatch[8, 8, 8]_epo100_bs32_lr0.01_seed1234
10 test iterations per epoch
0it [00:00, ?it/s]name  280724 surrogate_model_error 0.005120 generative_error 0.027150 reconstruction_loss 0.528591
name  280449 surrogate_model_error 0.012168 generative_error 0.059566 reconstruction_loss 0.637799
name  280316 surrogate_model_error 0.016227 generative_error 0.043898 reconstruction_loss 0.647115
name  213572 surrogate_model_error 0.021247 generative_error 0.050325 reconstruction_loss 0.669205
name  201769 surrogate_model_error 0.021529 generative_error 0.140458 reconstruction_loss 0.687061
name  280378 surrogate_model_error 0.028393 generative_error 5.550598 reconstruction_loss 0.694163
name  220237 surrogate_model_error 0.032351 generative_error 18.808508 reconstruction_loss 0.698465
name _137870 surrogate_model_error 0.032539 generative_error 20.477297 reconstruction_loss 0.700037
name  156245 surrogate_model_error 0.132149 generative_error 16.638149 reconstruction_loss 0.672026
name  124287 surrogate_model_error 0.038092 generative_error 18.095932 reconstruction_loss 0.654188
name _020389 surrogate_model_error 0.006718 generative_error 6.720479 reconstruction_loss 0.590582
name  138741 surrogate_model_error 0.071380 generative_error 12.496047 reconstruction_loss 0.532187
name  155240 surrogate_model_error 0.061322 generative_error 8.780358 reconstruction_loss 0.459862
name  127564 surrogate_model_error 0.102497 generative_error 0.186265 reconstruction_loss 0.337855
name  280738 surrogate_model_error 0.004655 generative_error 0.029086 reconstruction_loss 0.556861
name  280500 surrogate_model_error 0.006792 generative_error 0.044141 reconstruction_loss 0.626078
name _280387 surrogate_model_error 0.011344 generative_error 0.058418 reconstruction_loss 0.644142
name  215276 surrogate_model_error 0.019720 generative_error 0.047375 reconstruction_loss 0.663281
name  201927 surrogate_model_error 0.028428 generative_error 10.098755 reconstruction_loss 0.695648
name  280415 surrogate_model_error 0.014017 generative_error 19.282434 reconstruction_loss 0.699734
name  221685 surrogate_model_error 0.034579 generative_error 19.421663 reconstruction_loss 0.693406
name _164794 surrogate_model_error 0.055229 generative_error 18.810030 reconstruction_loss 0.682199
name  167229 surrogate_model_error 0.055133 generative_error 15.195668 reconstruction_loss 0.651504
name  138323 surrogate_model_error 0.087924 generative_error 15.212065 reconstruction_loss 0.643713
name  031043 surrogate_model_error 0.010182 generative_error 5.743786 reconstruction_loss 0.589548
name _174278 surrogate_model_error 0.019179 generative_error 7.290267 reconstruction_loss 0.572435
name  161148 surrogate_model_error 0.007462 generative_error 1.492282 reconstruction_loss 0.395597
name _115881 surrogate_model_error 0.004306 generative_error 2.859139 reconstruction_loss 0.417415
name  280827 surrogate_model_error 0.005219 generative_error 0.027906 reconstruction_loss 0.541939
name  280577 surrogate_model_error 0.008447 generative_error 0.047148 reconstruction_loss 0.618315
name  280456 surrogate_model_error 0.009460 generative_error 0.054592 reconstruction_loss 0.643201
name  280032 surrogate_model_error 0.026485 generative_error 0.056628 reconstruction_loss 0.680066
1it [00:50, 50.44s/it]name  204513 surrogate_model_error 0.027982 generative_error 5.539622 reconstruction_loss 0.694127
name  280773 surrogate_model_error 0.013289 generative_error 19.271786 reconstruction_loss 0.697370
name  222865 surrogate_model_error 0.025529 generative_error 17.692734 reconstruction_loss 0.697819
name _114100 surrogate_model_error 0.087533 generative_error 18.092442 reconstruction_loss 0.693584
name  154981 surrogate_model_error 0.057091 generative_error 19.859018 reconstruction_loss 0.676787
name _158763 surrogate_model_error 0.038817 generative_error 18.005924 reconstruction_loss 0.649540
name _032792 surrogate_model_error 0.008026 generative_error 5.560069 reconstruction_loss 0.569747
name  120206 surrogate_model_error 0.023872 generative_error 6.746288 reconstruction_loss 0.513423
name  125514 surrogate_model_error 0.015135 generative_error 4.442758 reconstruction_loss 0.470507
name _164614 surrogate_model_error 0.017823 generative_error 3.396821 reconstruction_loss 0.440069
name  280862 surrogate_model_error 0.005200 generative_error 0.027348 reconstruction_loss 0.539740
name  280628 surrogate_model_error 0.011250 generative_error 0.035305 reconstruction_loss 0.614420
name  280491 surrogate_model_error 0.011337 generative_error 0.039317 reconstruction_loss 0.643220
name  280036 surrogate_model_error 0.023533 generative_error 0.050675 reconstruction_loss 0.669489
name _208675 surrogate_model_error 0.045055 generative_error 17.852152 reconstruction_loss 0.696105
name  280910 surrogate_model_error 0.012740 generative_error 18.926781 reconstruction_loss 0.701346
name  224613 surrogate_model_error 0.032534 generative_error 19.885929 reconstruction_loss 0.695180
name _129110 surrogate_model_error 0.059442 generative_error 19.784039 reconstruction_loss 0.685014
name _162180 surrogate_model_error 0.055322 generative_error 19.714474 reconstruction_loss 0.680230
name _106413 surrogate_model_error 0.055489 generative_error 17.572632 reconstruction_loss 0.641303
name _037024 surrogate_model_error 0.039239 generative_error 8.397906 reconstruction_loss 0.584778
name _104231 surrogate_model_error 0.028989 generative_error 16.094761 reconstruction_loss 0.586648
name _145297 surrogate_model_error 0.075140 generative_error 11.127843 reconstruction_loss 0.524630
name _162334 surrogate_model_error 0.056068 generative_error 3.962852 reconstruction_loss 0.432421
name  280982 surrogate_model_error 0.006160 generative_error 0.027530 reconstruction_loss 0.555829
name  280717 surrogate_model_error 0.008200 generative_error 0.033437 reconstruction_loss 0.581434
name  280597 surrogate_model_error 0.010621 generative_error 0.041495 reconstruction_loss 0.632886
name  280091 surrogate_model_error 0.025324 generative_error 0.046268 reconstruction_loss 0.671230
name  209377 surrogate_model_error 0.037976 generative_error 11.841409 reconstruction_loss 0.694764
name  280929 surrogate_model_error 0.036772 generative_error 19.853451 reconstruction_loss 0.696557
name  225385 surrogate_model_error 0.019739 generative_error 17.941509 reconstruction_loss 0.689348
name _120143 surrogate_model_error 0.042215 generative_error 20.209192 reconstruction_loss 0.687446
2it [00:52, 21.80s/it]name  137015 surrogate_model_error 0.045859 generative_error 18.141514 reconstruction_loss 0.651202
name _156190 surrogate_model_error 0.043620 generative_error 17.995989 reconstruction_loss 0.663661
name _037186 surrogate_model_error 0.011933 generative_error 6.177027 reconstruction_loss 0.584972
name  163955 surrogate_model_error 0.104492 generative_error 6.570833 reconstruction_loss 0.486717
name _143333 surrogate_model_error 0.075782 generative_error 10.113767 reconstruction_loss 0.492072
name _112057 surrogate_model_error 0.004506 generative_error 3.247833 reconstruction_loss 0.430249
name  281012 surrogate_model_error 0.006446 generative_error 0.031818 reconstruction_loss 0.560306
name  280763 surrogate_model_error 0.004757 generative_error 0.034321 reconstruction_loss 0.587288
name  280599 surrogate_model_error 0.025143 generative_error 0.043853 reconstruction_loss 0.656531
name _280161 surrogate_model_error 0.025718 generative_error 18.573519 reconstruction_loss 0.697130
name  216088 surrogate_model_error 0.028297 generative_error 0.021745 reconstruction_loss 0.684495
name  280950 surrogate_model_error 0.015138 generative_error 19.610228 reconstruction_loss 0.695765
name  280050 surrogate_model_error 0.033895 generative_error 16.940407 reconstruction_loss 0.694318
name  121369 surrogate_model_error 0.067120 generative_error 19.245926 reconstruction_loss 0.684315
name  168857 surrogate_model_error 0.062571 generative_error 16.803461 reconstruction_loss 0.641694
name _143525 surrogate_model_error 0.027233 generative_error 17.425230 reconstruction_loss 0.639534
name  038521 surrogate_model_error 0.016703 generative_error 8.053093 reconstruction_loss 0.622642
name  125278 surrogate_model_error 0.060628 generative_error 11.745374 reconstruction_loss 0.529250
name _164390 surrogate_model_error 0.040394 generative_error 10.668152 reconstruction_loss 0.500334
name  132160 surrogate_model_error 0.072835 generative_error 0.708987 reconstruction_loss 0.383494
name  280086 surrogate_model_error 0.005188 generative_error 0.028015 reconstruction_loss 0.555900
name  280784 surrogate_model_error 0.009286 generative_error 0.035212 reconstruction_loss 0.609417
name  280610 surrogate_model_error 0.016496 generative_error 0.043974 reconstruction_loss 0.651372
name  280181 surrogate_model_error 0.014441 generative_error 0.072432 reconstruction_loss 0.667397
name  219192 surrogate_model_error 0.013652 generative_error 0.030600 reconstruction_loss 0.685520
name  280992 surrogate_model_error 0.036175 generative_error 9.694936 reconstruction_loss 0.694227
name  280076 surrogate_model_error 0.044715 generative_error 19.379725 reconstruction_loss 0.693987
name _164463 surrogate_model_error 0.033428 generative_error 18.651524 reconstruction_loss 0.701127
name _171426 surrogate_model_error 0.057496 generative_error 20.156233 reconstruction_loss 0.681151
name _128790 surrogate_model_error 0.027141 generative_error 17.855793 reconstruction_loss 0.643076
name _039692 surrogate_model_error 0.010810 generative_error 7.802137 reconstruction_loss 0.615380
name _174992 surrogate_model_error 0.119449 generative_error 11.588111 reconstruction_loss 0.528224
3it [00:53, 12.64s/it]name  118151 surrogate_model_error 0.018482 generative_error 3.725792 reconstruction_loss 0.420490
name _047610 surrogate_model_error 0.038214 generative_error 0.694012 reconstruction_loss 0.393520
name  280263 surrogate_model_error 0.004626 generative_error 0.026987 reconstruction_loss 0.528005
name  280822 surrogate_model_error 0.008384 generative_error 0.033358 reconstruction_loss 0.597482
name _280614 surrogate_model_error 0.018813 generative_error 0.085897 reconstruction_loss 0.668757
name  280190 surrogate_model_error 0.017768 generative_error 0.072253 reconstruction_loss 0.677150
name  220399 surrogate_model_error 0.020724 generative_error 0.353179 reconstruction_loss 0.691016
name  281042 surrogate_model_error 0.041215 generative_error 19.121704 reconstruction_loss 0.694864
name  202023 surrogate_model_error 0.051512 generative_error 18.638575 reconstruction_loss 0.695032
name _131312 surrogate_model_error 0.044224 generative_error 20.149033 reconstruction_loss 0.688840
name  135831 surrogate_model_error 0.015405 generative_error 14.020157 reconstruction_loss 0.650791
name  152913 surrogate_model_error 0.168861 generative_error 12.617745 reconstruction_loss 0.605541
name _044927 surrogate_model_error 0.014061 generative_error 7.891529 reconstruction_loss 0.584121
name _150512 surrogate_model_error 0.017864 generative_error 11.578046 reconstruction_loss 0.535192
name  122554 surrogate_model_error 0.058438 generative_error 4.477610 reconstruction_loss 0.418626
name _066216 surrogate_model_error 0.064290 generative_error 0.135443 reconstruction_loss 0.327693
name  280369 surrogate_model_error 0.005176 generative_error 0.028464 reconstruction_loss 0.543848
name  280914 surrogate_model_error 0.006485 generative_error 0.039298 reconstruction_loss 0.591394
name  280657 surrogate_model_error 0.015328 generative_error 0.043831 reconstruction_loss 0.649454
name _280240 surrogate_model_error 0.018472 generative_error 0.024170 reconstruction_loss 0.685484
name  280051 surrogate_model_error 0.013778 generative_error 0.399098 reconstruction_loss 0.690483
name  281045 surrogate_model_error 0.025054 generative_error 0.051176 reconstruction_loss 0.687508
name  205047 surrogate_model_error 0.046536 generative_error 18.946581 reconstruction_loss 0.702914
name _169599 surrogate_model_error 0.034522 generative_error 16.748383 reconstruction_loss 0.682761
name  123537 surrogate_model_error 0.059731 generative_error 18.642113 reconstruction_loss 0.655644
name _128910 surrogate_model_error 0.052521 generative_error 17.610668 reconstruction_loss 0.643155
name  045830 surrogate_model_error 0.015095 generative_error 8.324089 reconstruction_loss 0.610515
name  130077 surrogate_model_error 0.095439 generative_error 12.780731 reconstruction_loss 0.549513
name _130356 surrogate_model_error 0.016642 generative_error 4.814519 reconstruction_loss 0.492652
name  129204 surrogate_model_error 0.021280 generative_error 0.779197 reconstruction_loss 0.409346
name  280457 surrogate_model_error 0.006189 generative_error 0.031726 reconstruction_loss 0.573539
name  280959 surrogate_model_error 0.007973 generative_error 0.035102 reconstruction_loss 0.591931
4it [00:55,  8.34s/it]name  280936 surrogate_model_error 0.010824 generative_error 0.045184 reconstruction_loss 0.635694
name  280243 surrogate_model_error 0.021593 generative_error 0.050129 reconstruction_loss 0.670302
name _280152 surrogate_model_error 0.013827 generative_error 0.372638 reconstruction_loss 0.690918
name  202753 surrogate_model_error 0.029396 generative_error 18.929136 reconstruction_loss 0.702191
name  208271 surrogate_model_error 0.036254 generative_error 19.620489 reconstruction_loss 0.694062
name _143118 surrogate_model_error 0.048093 generative_error 18.395597 reconstruction_loss 0.691053
name  117696 surrogate_model_error 0.072812 generative_error 17.784996 reconstruction_loss 0.669515
name _145529 surrogate_model_error 0.092942 generative_error 15.683345 reconstruction_loss 0.634055
name _046697 surrogate_model_error 0.002184 generative_error 6.505501 reconstruction_loss 0.584629
name  111539 surrogate_model_error 0.073512 generative_error 7.791739 reconstruction_loss 0.568384
name _119729 surrogate_model_error 0.009399 generative_error 4.946617 reconstruction_loss 0.496162
name  166710 surrogate_model_error 0.044583 generative_error 0.475352 reconstruction_loss 0.386853
name  280524 surrogate_model_error 0.007155 generative_error 0.031886 reconstruction_loss 0.572302
name  280016 surrogate_model_error 0.010048 generative_error 0.033265 reconstruction_loss 0.606907
name  281020 surrogate_model_error 0.013100 generative_error 0.041026 reconstruction_loss 0.634548
name  280563 surrogate_model_error 0.012386 generative_error 0.073334 reconstruction_loss 0.668716
name _280153 surrogate_model_error 0.047358 generative_error 19.827250 reconstruction_loss 0.708454
name  205183 surrogate_model_error 0.023739 generative_error 19.498539 reconstruction_loss 0.696827
name  210170 surrogate_model_error 0.026058 generative_error 19.045061 reconstruction_loss 0.696022
name _150782 surrogate_model_error 0.082530 generative_error 17.174654 reconstruction_loss 0.693244
name _126580 surrogate_model_error 0.044705 generative_error 18.512316 reconstruction_loss 0.672891
name _115063 surrogate_model_error 0.074413 generative_error 16.107250 reconstruction_loss 0.641663
name  053335 surrogate_model_error 0.030111 generative_error 6.047174 reconstruction_loss 0.595710
name  170965 surrogate_model_error 0.088199 generative_error 7.816827 reconstruction_loss 0.525644
name  167944 surrogate_model_error 0.017586 generative_error 2.335772 reconstruction_loss 0.465228
name  167126 surrogate_model_error 0.007839 generative_error 0.622839 reconstruction_loss 0.402997
name  280556 surrogate_model_error 0.006434 generative_error 0.028022 reconstruction_loss 0.539728
name  280064 surrogate_model_error 0.011711 generative_error 0.042110 reconstruction_loss 0.637983
name  281022 surrogate_model_error 0.024344 generative_error 0.047448 reconstruction_loss 0.654935
name  280608 surrogate_model_error 0.029221 generative_error 0.382845 reconstruction_loss 0.689634
name  280207 surrogate_model_error 0.012663 generative_error 0.230809 reconstruction_loss 0.690415
name  207067 surrogate_model_error 0.016964 generative_error 18.722832 reconstruction_loss 0.703606
5it [00:57,  5.96s/it]name  210506 surrogate_model_error 0.047714 generative_error 18.326317 reconstruction_loss 0.691392
name _141678 surrogate_model_error 0.054568 generative_error 20.460068 reconstruction_loss 0.690934
name _123282 surrogate_model_error 0.077453 generative_error 19.639324 reconstruction_loss 0.677479
name  104304 surrogate_model_error 0.084566 generative_error 16.175665 reconstruction_loss 0.641805
name _056234 surrogate_model_error 0.009831 generative_error 5.849893 reconstruction_loss 0.572787
name  142235 surrogate_model_error 0.099674 generative_error 6.796886 reconstruction_loss 0.516199
name  113525 surrogate_model_error 0.008684 generative_error 4.086326 reconstruction_loss 0.463128
name _006001 surrogate_model_error 0.011281 generative_error 1.316613 reconstruction_loss 0.460880
name  280835 surrogate_model_error 0.006323 generative_error 0.027698 reconstruction_loss 0.557077
name  280072 surrogate_model_error 0.008576 generative_error 0.051062 reconstruction_loss 0.616238
name  281026 surrogate_model_error 0.019698 generative_error 0.049656 reconstruction_loss 0.657600
name _280711 surrogate_model_error 0.026395 generative_error 16.010670 reconstruction_loss 0.697901
name  280274 surrogate_model_error 0.016211 generative_error 0.366629 reconstruction_loss 0.690972
name  207115 surrogate_model_error 0.019943 generative_error 19.507006 reconstruction_loss 0.698429
name  212350 surrogate_model_error 0.024988 generative_error 18.721806 reconstruction_loss 0.700054
name _118829 surrogate_model_error 0.035097 generative_error 19.931072 reconstruction_loss 0.690507
name _113513 surrogate_model_error 0.097677 generative_error 19.804417 reconstruction_loss 0.680566
name  000794 surrogate_model_error 0.006666 generative_error 10.591990 reconstruction_loss 0.647421
name _061637 surrogate_model_error 0.014729 generative_error 8.297494 reconstruction_loss 0.604766
name _171776 surrogate_model_error 0.045364 generative_error 12.257991 reconstruction_loss 0.546739
name  121602 surrogate_model_error 0.036523 generative_error 5.612070 reconstruction_loss 0.509048
name _044711 surrogate_model_error 0.030245 generative_error 0.734080 reconstruction_loss 0.419623
name  280859 surrogate_model_error 0.005401 generative_error 0.034238 reconstruction_loss 0.565222
name  280109 surrogate_model_error 0.005815 generative_error 0.029124 reconstruction_loss 0.583609
name  281056 surrogate_model_error 0.015783 generative_error 0.044257 reconstruction_loss 0.645207
name  204750 surrogate_model_error 0.028731 generative_error 0.053519 reconstruction_loss 0.666995
name _280323 surrogate_model_error 0.069655 generative_error 17.793785 reconstruction_loss 0.703164
name  209959 surrogate_model_error 0.047672 generative_error 19.788979 reconstruction_loss 0.701026
name  213242 surrogate_model_error 0.046996 generative_error 20.095060 reconstruction_loss 0.694154
name _123783 surrogate_model_error 0.044768 generative_error 20.161751 reconstruction_loss 0.690538
name _165146 surrogate_model_error 0.063648 generative_error 19.608994 reconstruction_loss 0.669749
name _007815 surrogate_model_error 0.010992 generative_error 8.376505 reconstruction_loss 0.621700
6it [00:59,  4.53s/it]name _068291 surrogate_model_error 0.005824 generative_error 7.055542 reconstruction_loss 0.603416
name  117523 surrogate_model_error 0.015437 generative_error 3.808891 reconstruction_loss 0.513093
name  159334 surrogate_model_error 0.182876 generative_error 5.693746 reconstruction_loss 0.487181
name  049241 surrogate_model_error 0.028361 generative_error 0.811107 reconstruction_loss 0.402858
name  280939 surrogate_model_error 0.005872 generative_error 0.029239 reconstruction_loss 0.533908
name  280110 surrogate_model_error 0.012354 generative_error 0.030233 reconstruction_loss 0.584461
name  222630 surrogate_model_error 0.012010 generative_error 0.069342 reconstruction_loss 0.658918
name  219472 surrogate_model_error 0.018255 generative_error 0.075911 reconstruction_loss 0.678590
name  280359 surrogate_model_error 0.051424 generative_error 2.554678 reconstruction_loss 0.693157
name  214706 surrogate_model_error 0.022155 generative_error 19.285065 reconstruction_loss 0.698750
name  217458 surrogate_model_error 0.014082 generative_error 18.455122 reconstruction_loss 0.692383
name _148426 surrogate_model_error 0.055518 generative_error 18.358902 reconstruction_loss 0.693035
name  152053 surrogate_model_error 0.151759 generative_error 15.927824 reconstruction_loss 0.653521
name _008324 surrogate_model_error 0.012356 generative_error 9.717630 reconstruction_loss 0.624214
name _069191 surrogate_model_error 0.005566 generative_error 5.919119 reconstruction_loss 0.579780
name  151622 surrogate_model_error 0.022887 generative_error 13.195186 reconstruction_loss 0.576163
name  155926 surrogate_model_error 0.006489 generative_error 2.254715 reconstruction_loss 0.444636
name  147975 surrogate_model_error 0.091743 generative_error 8.670610 reconstruction_loss 0.451575
name  281003 surrogate_model_error 0.006474 generative_error 0.027731 reconstruction_loss 0.548613
name  280288 surrogate_model_error 0.009014 generative_error 0.044080 reconstruction_loss 0.599567
name  280280 surrogate_model_error 0.007011 generative_error 0.042165 reconstruction_loss 0.631631
name  280183 surrogate_model_error 0.019231 generative_error 0.030982 reconstruction_loss 0.674910
name  280615 surrogate_model_error 0.022904 generative_error 19.379425 reconstruction_loss 0.696904
name  215266 surrogate_model_error 0.025515 generative_error 19.428913 reconstruction_loss 0.696993
name  219926 surrogate_model_error 0.053436 generative_error 17.891016 reconstruction_loss 0.698136
name _109688 surrogate_model_error 0.083307 generative_error 20.063517 reconstruction_loss 0.687728
name _148635 surrogate_model_error 0.057209 generative_error 19.524490 reconstruction_loss 0.673765
name _009647 surrogate_model_error 0.013646 generative_error 8.084337 reconstruction_loss 0.615932
name _071314 surrogate_model_error 0.009094 generative_error 8.799149 reconstruction_loss 0.622675
name  179370 surrogate_model_error 0.094374 generative_error 6.317394 reconstruction_loss 0.507291
name _148301 surrogate_model_error 0.022047 generative_error 4.661397 reconstruction_loss 0.468946
name  102191 surrogate_model_error 0.074383 generative_error 0.177685 reconstruction_loss 0.334336
7it [01:00,  3.62s/it]name  280135 surrogate_model_error 0.007374 generative_error 0.032883 reconstruction_loss 0.566794
name  280293 surrogate_model_error 0.012650 generative_error 0.040870 reconstruction_loss 0.618802
name  280281 surrogate_model_error 0.011424 generative_error 0.048697 reconstruction_loss 0.655219
name  280186 surrogate_model_error 0.027375 generative_error 0.031782 reconstruction_loss 0.683446
name  280709 surrogate_model_error 0.032818 generative_error 9.774831 reconstruction_loss 0.695070
name  219026 surrogate_model_error 0.045318 generative_error 16.157108 reconstruction_loss 0.695471
name  220153 surrogate_model_error 0.054242 generative_error 18.941490 reconstruction_loss 0.692771
name _113231 surrogate_model_error 0.052212 generative_error 18.815582 reconstruction_loss 0.684294
name  100924 surrogate_model_error 0.103485 generative_error 15.568132 reconstruction_loss 0.658119
name _013687 surrogate_model_error 0.008479 generative_error 8.569988 reconstruction_loss 0.623912
name  072235 surrogate_model_error 0.121233 generative_error 6.396675 reconstruction_loss 0.560516
name _112473 surrogate_model_error 0.019804 generative_error 12.711876 reconstruction_loss 0.559239
name  115435 surrogate_model_error 0.045465 generative_error 2.950774 reconstruction_loss 0.458622
name  170550 surrogate_model_error 0.045286 generative_error 3.831830 reconstruction_loss 0.435092
name  280267 surrogate_model_error 0.005866 generative_error 0.029245 reconstruction_loss 0.569692
name  280351 surrogate_model_error 0.009132 generative_error 0.044465 reconstruction_loss 0.614811
name  280328 surrogate_model_error 0.014078 generative_error 0.041040 reconstruction_loss 0.640045
name  280187 surrogate_model_error 0.017339 generative_error 0.056768 reconstruction_loss 0.672563
name  280710 surrogate_model_error 0.025617 generative_error 0.025235 reconstruction_loss 0.683715
name  219070 surrogate_model_error 0.032093 generative_error 20.072870 reconstruction_loss 0.694542
name  220237 surrogate_model_error 0.032351 generative_error 18.807304 reconstruction_loss 0.698493
name _113818 surrogate_model_error 0.059049 generative_error 19.895126 reconstruction_loss 0.682486
name _112738 surrogate_model_error 0.074489 generative_error 19.671494 reconstruction_loss 0.671972
name _014586 surrogate_model_error 0.010433 generative_error 8.314046 reconstruction_loss 0.620750
name _075980 surrogate_model_error 0.001975 generative_error 7.867329 reconstruction_loss 0.610608
name  143867 surrogate_model_error 0.091795 generative_error 6.991354 reconstruction_loss 0.515868
name _105531 surrogate_model_error 0.011500 generative_error 3.875761 reconstruction_loss 0.453121
name  136984 surrogate_model_error 0.078825 generative_error 0.167932 reconstruction_loss 0.339781
name  280294 surrogate_model_error 0.005841 generative_error 0.028713 reconstruction_loss 0.540401
name  280383 surrogate_model_error 0.006590 generative_error 0.036662 reconstruction_loss 0.611293
name  280409 surrogate_model_error 0.012962 generative_error 0.037304 reconstruction_loss 0.635567
name  280501 surrogate_model_error 0.022253 generative_error 0.033639 reconstruction_loss 0.681199
8it [01:02,  3.02s/it]name  280802 surrogate_model_error 0.008398 generative_error 0.306829 reconstruction_loss 0.690144
name  219602 surrogate_model_error 0.049276 generative_error 20.744806 reconstruction_loss 0.696028
name  221685 surrogate_model_error 0.034579 generative_error 19.441736 reconstruction_loss 0.692900
name _002824 surrogate_model_error 0.044502 generative_error 19.273365 reconstruction_loss 0.690810
name _151210 surrogate_model_error 0.078859 generative_error 19.664972 reconstruction_loss 0.672002
name  016226 surrogate_model_error 0.009046 generative_error 8.488051 reconstruction_loss 0.619447
name  077521 surrogate_model_error 0.019641 generative_error 8.289352 reconstruction_loss 0.626658
name _149969 surrogate_model_error 0.010719 generative_error 6.295302 reconstruction_loss 0.557982
name _173732 surrogate_model_error 0.016390 generative_error 4.896285 reconstruction_loss 0.491201
name  161994 surrogate_model_error 0.058868 generative_error 0.243358 reconstruction_loss 0.348586
name  280318 surrogate_model_error 0.007160 generative_error 0.030310 reconstruction_loss 0.573810
name  280385 surrogate_model_error 0.009629 generative_error 0.031202 reconstruction_loss 0.588994
name  280433 surrogate_model_error 0.007092 generative_error 0.051837 reconstruction_loss 0.637421
name  280786 surrogate_model_error 0.034912 generative_error 0.045455 reconstruction_loss 0.679503
name  280824 surrogate_model_error 0.013330 generative_error 16.473028 reconstruction_loss 0.697671
name  220485 surrogate_model_error 0.018246 generative_error 19.408789 reconstruction_loss 0.695854
name  222865 surrogate_model_error 0.025529 generative_error 17.692734 reconstruction_loss 0.699537
name  013740 surrogate_model_error 0.017708 generative_error 15.296038 reconstruction_loss 0.689600
name _132013 surrogate_model_error 0.065990 generative_error 19.553202 reconstruction_loss 0.675894
name  018000 surrogate_model_error 0.075577 generative_error 12.031188 reconstruction_loss 0.630021
name  154207 surrogate_model_error 0.291071 generative_error 13.003094 reconstruction_loss 0.537311
name  112318 surrogate_model_error 0.004691 generative_error 5.901334 reconstruction_loss 0.519800
name  121702 surrogate_model_error 0.047710 generative_error 5.202472 reconstruction_loss 0.471671
name  150304 surrogate_model_error 0.044480 generative_error 0.446442 reconstruction_loss 0.376658
name  280497 surrogate_model_error 0.013723 generative_error 0.038228 reconstruction_loss 0.592994
name  280521 surrogate_model_error 0.012120 generative_error 0.036546 reconstruction_loss 0.625559
name  280435 surrogate_model_error 0.017045 generative_error 0.039117 reconstruction_loss 0.633939
name  280852 surrogate_model_error 0.027834 generative_error 0.052200 reconstruction_loss 0.668962
name  280921 surrogate_model_error 0.016111 generative_error 11.344139 reconstruction_loss 0.695460
name  220817 surrogate_model_error 0.019703 generative_error 19.450705 reconstruction_loss 0.697902
name  224613 surrogate_model_error 0.032534 generative_error 19.992859 reconstruction_loss 0.694831
name  025980 surrogate_model_error 0.011371 generative_error 14.204589 reconstruction_loss 0.685877
9it [01:15,  6.21s/it]name  156729 surrogate_model_error 0.068878 generative_error 17.800842 reconstruction_loss 0.677012
name  021926 surrogate_model_error 0.025841 generative_error 9.410825 reconstruction_loss 0.633987
name  165179 surrogate_model_error 0.046866 generative_error 9.504728 reconstruction_loss 0.549028
name  171033 surrogate_model_error 0.094663 generative_error 8.797353 reconstruction_loss 0.549370
name  124210 surrogate_model_error 0.024133 generative_error 4.441431 reconstruction_loss 0.460227
name _156004 surrogate_model_error 0.015169 generative_error 0.498824 reconstruction_loss 0.391779
name  280532 surrogate_model_error 0.005002 generative_error 0.028244 reconstruction_loss 0.553104
name  280594 surrogate_model_error 0.007799 generative_error 0.036153 reconstruction_loss 0.589547
name  280670 surrogate_model_error 0.014719 generative_error 0.051074 reconstruction_loss 0.654844
name  280880 surrogate_model_error 0.018297 generative_error 0.050030 reconstruction_loss 0.660201
name  281029 surrogate_model_error 0.018407 generative_error 0.046864 reconstruction_loss 0.686231
name  223215 surrogate_model_error 0.039280 generative_error 19.007549 reconstruction_loss 0.694455
name  225385 surrogate_model_error 0.019739 generative_error 17.941452 reconstruction_loss 0.688498
name _031044 surrogate_model_error 0.033571 generative_error 18.416264 reconstruction_loss 0.697462
name  136615 surrogate_model_error 0.074105 generative_error 18.700138 reconstruction_loss 0.663265
name  022286 surrogate_model_error 0.011231 generative_error 10.059490 reconstruction_loss 0.623412
name _164358 surrogate_model_error 0.049030 generative_error 17.059769 reconstruction_loss 0.629957
name  113166 surrogate_model_error 0.043429 generative_error 4.926928 reconstruction_loss 0.514374
name  102357 surrogate_model_error 0.027768 generative_error 5.017745 reconstruction_loss 0.495457
name _015182 surrogate_model_error 0.060827 generative_error 0.377872 reconstruction_loss 0.363671
10it [01:17,  4.64s/it]10it [01:17,  7.71s/it]
name average surrogate_model_error 0.034177 generative_error 8.475823 reconstruction_loss 0.610901
