export TMOUT=5400
export TMPDIR=/mnt/bgfs/mhashemi/4229403
export PTMPDIR=/mnt/bgfs/mhashemi/4229403/ptmp
/work/sheidaei/conda/envs/mytorch/lib/python3.9/site-packages/torch/functional.py:504: UserWarning: torch.meshgrid: in an upcoming release, it will be required to pass the indexing argument. (Triggered internally at /opt/conda/conda-bld/pytorch_1666643016022/work/aten/src/ATen/native/TensorShape.cpp:3190.)
  return _VF.meshgrid(tensors, **kwargs)  # type: ignore[attr-defined]
/work/sheidaei/conda/envs/mytorch/lib/python3.9/site-packages/torch/functional.py:504: UserWarning: torch.meshgrid: in an upcoming release, it will be required to pass the indexing argument. (Triggered internally at /opt/conda/conda-bld/pytorch_1666643016022/work/aten/src/ATen/native/TensorShape.cpp:3190.)
  return _VF.meshgrid(tensors, **kwargs)  # type: ignore[attr-defined]
Traceback (most recent call last):
  File "/home/mhashemi/TransUNet/train_deg.py", line 149, in <module>
    raise NotImplementedError("Only DistributedDataParallel is supported.")
NotImplementedError: Only DistributedDataParallel is supported.
/work/sheidaei/conda/envs/mytorch/lib/python3.9/site-packages/torch/functional.py:504: UserWarning: torch.meshgrid: in an upcoming release, it will be required to pass the indexing argument. (Triggered internally at /opt/conda/conda-bld/pytorch_1666643016022/work/aten/src/ATen/native/TensorShape.cpp:3190.)
  return _VF.meshgrid(tensors, **kwargs)  # type: ignore[attr-defined]
/work/sheidaei/conda/envs/mytorch/lib/python3.9/site-packages/torch/functional.py:504: UserWarning: torch.meshgrid: in an upcoming release, it will be required to pass the indexing argument. (Triggered internally at /opt/conda/conda-bld/pytorch_1666643016022/work/aten/src/ATen/native/TensorShape.cpp:3190.)
  return _VF.meshgrid(tensors, **kwargs)  # type: ignore[attr-defined]
Traceback (most recent call last):
  File "/home/mhashemi/TransUNet/train_deg.py", line 149, in <module>
    raise NotImplementedError("Only DistributedDataParallel is supported.")
NotImplementedError: Only DistributedDataParallel is supported.
srun: error: novagpu015: task 1: Exited with exit code 1
Traceback (most recent call last):
  File "/home/mhashemi/TransUNet/train_deg.py", line 149, in <module>
    raise NotImplementedError("Only DistributedDataParallel is supported.")
NotImplementedError: Only DistributedDataParallel is supported.
Traceback (most recent call last):
  File "/home/mhashemi/TransUNet/train_deg.py", line 149, in <module>
    raise NotImplementedError("Only DistributedDataParallel is supported.")
NotImplementedError: Only DistributedDataParallel is supported.
srun: error: novagpu015: task 2: Exited with exit code 1
srun: error: novagpu015: task 3: Exited with exit code 1
srun: error: novagpu015: task 0: Exited with exit code 1
