export TMOUT=5400
export TMPDIR=/mnt/bgfs/mhashemi/4229407
export PTMPDIR=/mnt/bgfs/mhashemi/4229407/ptmp
/work/sheidaei/conda/envs/mytorch/lib/python3.9/site-packages/torch/functional.py:504: UserWarning: torch.meshgrid: in an upcoming release, it will be required to pass the indexing argument. (Triggered internally at /opt/conda/conda-bld/pytorch_1666643016022/work/aten/src/ATen/native/TensorShape.cpp:3190.)
  return _VF.meshgrid(tensors, **kwargs)  # type: ignore[attr-defined]
/work/sheidaei/conda/envs/mytorch/lib/python3.9/site-packages/torch/functional.py:504: UserWarning: torch.meshgrid: in an upcoming release, it will be required to pass the indexing argument. (Triggered internally at /opt/conda/conda-bld/pytorch_1666643016022/work/aten/src/ATen/native/TensorShape.cpp:3190.)
  return _VF.meshgrid(tensors, **kwargs)  # type: ignore[attr-defined]
/work/sheidaei/conda/envs/mytorch/lib/python3.9/site-packages/torch/functional.py:504: UserWarning: torch.meshgrid: in an upcoming release, it will be required to pass the indexing argument. (Triggered internally at /opt/conda/conda-bld/pytorch_1666643016022/work/aten/src/ATen/native/TensorShape.cpp:3190.)
  return _VF.meshgrid(tensors, **kwargs)  # type: ignore[attr-defined]
Traceback (most recent call last):
  File "/home/mhashemi/TransUNet/train_deg.py", line 149, in <module>
    model = nn.DataParallel(model)
NameError: name 'nn' is not defined
/work/sheidaei/conda/envs/mytorch/lib/python3.9/site-packages/torch/functional.py:504: UserWarning: torch.meshgrid: in an upcoming release, it will be required to pass the indexing argument. (Triggered internally at /opt/conda/conda-bld/pytorch_1666643016022/work/aten/src/ATen/native/TensorShape.cpp:3190.)
  return _VF.meshgrid(tensors, **kwargs)  # type: ignore[attr-defined]
srun: error: novagpu012: task 2: Exited with exit code 1
Traceback (most recent call last):
  File "/home/mhashemi/TransUNet/train_deg.py", line 149, in <module>
    model = nn.DataParallel(model)
NameError: name 'nn' is not defined
Traceback (most recent call last):
  File "/home/mhashemi/TransUNet/train_deg.py", line 149, in <module>
    model = nn.DataParallel(model)
NameError: name 'nn' is not defined
Traceback (most recent call last):
  File "/home/mhashemi/TransUNet/train_deg.py", line 149, in <module>
    model = nn.DataParallel(model)
NameError: name 'nn' is not defined
srun: error: novagpu012: tasks 0,3: Exited with exit code 1
srun: error: novagpu012: task 1: Exited with exit code 1
