NODELIST=novagpu012
MASTER_ADDR=novagpu012
export TMOUT=5400
export TMPDIR=/mnt/bgfs/mhashemi/4229404
export PTMPDIR=/mnt/bgfs/mhashemi/4229404/ptmp
[W socket.cpp:426] [c10d] The server socket cannot be initialized on [::]:12340 (errno: 97 - Address family not supported by protocol).
[W socket.cpp:601] [c10d] The client socket cannot be initialized to connect to [novagpu012]:12340 (errno: 97 - Address family not supported by protocol).
[W socket.cpp:601] [c10d] The client socket cannot be initialized to connect to [novagpu012]:12340 (errno: 97 - Address family not supported by protocol).
[W socket.cpp:601] [c10d] The client socket cannot be initialized to connect to [novagpu012]:12340 (errno: 97 - Address family not supported by protocol).
[W socket.cpp:601] [c10d] The client socket cannot be initialized to connect to [novagpu012]:12340 (errno: 97 - Address family not supported by protocol).
[W socket.cpp:601] [c10d] The client socket cannot be initialized to connect to [novagpu012]:12340 (errno: 97 - Address family not supported by protocol).
[W socket.cpp:601] [c10d] The client socket cannot be initialized to connect to [novagpu012]:12340 (errno: 97 - Address family not supported by protocol).
[W socket.cpp:601] [c10d] The client socket cannot be initialized to connect to [novagpu012]:12340 (errno: 97 - Address family not supported by protocol).
[W socket.cpp:601] [c10d] The client socket cannot be initialized to connect to [novagpu012]:12340 (errno: 97 - Address family not supported by protocol).
/work/sheidaei/conda/envs/mytorch/lib/python3.9/site-packages/torch/functional.py:504: UserWarning: torch.meshgrid: in an upcoming release, it will be required to pass the indexing argument. (Triggered internally at /opt/conda/conda-bld/pytorch_1666643016022/work/aten/src/ATen/native/TensorShape.cpp:3190.)
  return _VF.meshgrid(tensors, **kwargs)  # type: ignore[attr-defined]
/work/sheidaei/conda/envs/mytorch/lib/python3.9/site-packages/torch/functional.py:504: UserWarning: torch.meshgrid: in an upcoming release, it will be required to pass the indexing argument. (Triggered internally at /opt/conda/conda-bld/pytorch_1666643016022/work/aten/src/ATen/native/TensorShape.cpp:3190.)
  return _VF.meshgrid(tensors, **kwargs)  # type: ignore[attr-defined]
/work/sheidaei/conda/envs/mytorch/lib/python3.9/site-packages/torch/functional.py:504: UserWarning: torch.meshgrid: in an upcoming release, it will be required to pass the indexing argument. (Triggered internally at /opt/conda/conda-bld/pytorch_1666643016022/work/aten/src/ATen/native/TensorShape.cpp:3190.)
  return _VF.meshgrid(tensors, **kwargs)  # type: ignore[attr-defined]
/work/sheidaei/conda/envs/mytorch/lib/python3.9/site-packages/torch/functional.py:504: UserWarning: torch.meshgrid: in an upcoming release, it will be required to pass the indexing argument. (Triggered internally at /opt/conda/conda-bld/pytorch_1666643016022/work/aten/src/ATen/native/TensorShape.cpp:3190.)
  return _VF.meshgrid(tensors, **kwargs)  # type: ignore[attr-defined]
Namespace(root_path='/work/sheidaei/mhashemi/data/deg', dataset='Degradation', list_dir='./lists/lists_Degradation', num_classes=2, max_iterations=288, max_epochs=1, batch_size=24, gpu=2, world_size=4, rank=2, dist_url='env://', dist_backend='nccl', local_rank=-1, deterministic=1, base_lr=0.01, img_size=[160, 160, 160], seed=1234, n_skip=4, vit_name='Conv-ViT-B_16', vit_patches_size=8, is_pretrain=True, exp='TV_Degradation[160, 160, 160]', distributed=True)
Traceback (most recent call last):
  File "/home/mhashemi/TransUNet/train_deg.py", line 152, in <module>
Namespace(root_path='/work/sheidaei/mhashemi/data/deg', dataset='Degradation', list_dir='./lists/lists_Degradation', num_classes=2, max_iterations=288, max_epochs=1, batch_size=24, gpu=0, world_size=4, rank=0, dist_url='env://', dist_backend='nccl', local_rank=-1, deterministic=1, base_lr=0.01, img_size=[160, 160, 160], seed=1234, n_skip=4, vit_name='Conv-ViT-B_16', vit_patches_size=8, is_pretrain=True, exp='TV_Degradation[160, 160, 160]', distributed=True)
Traceback (most recent call last):
  File "/home/mhashemi/TransUNet/train_deg.py", line 152, in <module>
    trainer[dataset_name](args, model, snapshot_path)
  File "/home/mhashemi/TransUNet/trainer.py", line 111, in trainer_deg
Namespace(root_path='/work/sheidaei/mhashemi/data/deg', dataset='Degradation', list_dir='./lists/lists_Degradation', num_classes=2, max_iterations=288, max_epochs=1, batch_size=24, gpu=3, world_size=4, rank=3, dist_url='env://', dist_backend='nccl', local_rank=-1, deterministic=1, base_lr=0.01, img_size=[160, 160, 160], seed=1234, n_skip=4, vit_name='Conv-ViT-B_16', vit_patches_size=8, is_pretrain=True, exp='TV_Degradation[160, 160, 160]', distributed=True)
Namespace(root_path='/work/sheidaei/mhashemi/data/deg', dataset='Degradation', list_dir='./lists/lists_Degradation', num_classes=2, max_iterations=288, max_epochs=1, batch_size=24, gpu=1, world_size=4, rank=1, dist_url='env://', dist_backend='nccl', local_rank=-1, deterministic=1, base_lr=0.01, img_size=[160, 160, 160], seed=1234, n_skip=4, vit_name='Conv-ViT-B_16', vit_patches_size=8, is_pretrain=True, exp='TV_Degradation[160, 160, 160]', distributed=True)
Traceback (most recent call last):
  File "/home/mhashemi/TransUNet/train_deg.py", line 152, in <module>
    batch_size = args.batch_size * args.n_gpu
AttributeError: 'Namespace' object has no attribute 'n_gpu'
Traceback (most recent call last):
  File "/home/mhashemi/TransUNet/train_deg.py", line 152, in <module>
    trainer[dataset_name](args, model, snapshot_path)
  File "/home/mhashemi/TransUNet/trainer.py", line 111, in trainer_deg
    batch_size = args.batch_size * args.n_gpu
AttributeError: 'Namespace' object has no attribute 'n_gpu'
    trainer[dataset_name](args, model, snapshot_path)
  File "/home/mhashemi/TransUNet/trainer.py", line 111, in trainer_deg
    batch_size = args.batch_size * args.n_gpu
AttributeError: 'Namespace' object has no attribute 'n_gpu'
    trainer[dataset_name](args, model, snapshot_path)
  File "/home/mhashemi/TransUNet/trainer.py", line 111, in trainer_deg
    batch_size = args.batch_size * args.n_gpu
AttributeError: 'Namespace' object has no attribute 'n_gpu'
srun: error: novagpu012: tasks 2-3: Exited with exit code 1
srun: error: novagpu012: task 1: Exited with exit code 1
srun: error: novagpu012: task 0: Exited with exit code 1
